[0m21:50:40.859304 [debug] [MainThread]: Sending event: {'category': 'dbt', 'action': 'invocation', 'label': 'start', 'context': [<snowplow_tracker.self_describing_json.SelfDescribingJson object at 0x7f80ed7827f0>, <snowplow_tracker.self_describing_json.SelfDescribingJson object at 0x7f80eb5a7af0>, <snowplow_tracker.self_describing_json.SelfDescribingJson object at 0x7f80f0375cd0>]}


============================== 21:50:40.865770 | 0ce439d4-5284-485f-acf6-6d8ed43c2c3f ==============================
[0m21:50:40.865770 [info ] [MainThread]: Running with dbt=1.6.1
[0m21:50:40.866635 [debug] [MainThread]: running dbt with arguments {'printer_width': '80', 'indirect_selection': 'eager', 'write_json': 'True', 'log_cache_events': 'False', 'partial_parse': 'True', 'cache_selected_only': 'False', 'profiles_dir': 'profile', 'fail_fast': 'False', 'warn_error': 'None', 'log_path': '/Users/chaitanyavarmamudundi/IdeaProjects/mcv_workshop/dbt-env/git/dbt-taxi-demo/logs', 'version_check': 'True', 'debug': 'False', 'use_colors': 'True', 'use_experimental_parser': 'False', 'no_print': 'None', 'quiet': 'False', 'warn_error_options': 'WarnErrorOptions(include=[], exclude=[])', 'invocation_command': 'dbt run --profiles-dir profile', 'introspect': 'True', 'log_format': 'default', 'target_path': 'None', 'static_parser': 'True', 'send_anonymous_usage_stats': 'True'}
[0m21:50:41.192049 [debug] [MainThread]: Sending event: {'category': 'dbt', 'action': 'project_id', 'label': '0ce439d4-5284-485f-acf6-6d8ed43c2c3f', 'context': [<snowplow_tracker.self_describing_json.SelfDescribingJson object at 0x7f80eb5a7af0>]}
[0m21:50:41.213923 [debug] [MainThread]: Sending event: {'category': 'dbt', 'action': 'adapter_info', 'label': '0ce439d4-5284-485f-acf6-6d8ed43c2c3f', 'context': [<snowplow_tracker.self_describing_json.SelfDescribingJson object at 0x7f80f0b59f40>]}
[0m21:50:41.217141 [info ] [MainThread]: Registered adapter: glue=1.6.2
[0m21:50:41.255056 [debug] [MainThread]: checksum: efe19d9f5b93d1a98cc804fbfcdb6b3aced98b974af664946fee1cde8837deb7, vars: {}, profile: , target: , version: 1.6.1
[0m21:50:41.256111 [info ] [MainThread]: Unable to do partial parsing because saved manifest not found. Starting full parse.
[0m21:50:41.256709 [debug] [MainThread]: Sending event: {'category': 'dbt', 'action': 'partial_parser', 'label': '0ce439d4-5284-485f-acf6-6d8ed43c2c3f', 'context': [<snowplow_tracker.self_describing_json.SelfDescribingJson object at 0x7f80f0b79970>]}
[0m21:50:42.646847 [debug] [MainThread]: Sending event: {'category': 'dbt', 'action': 'load_project', 'label': '0ce439d4-5284-485f-acf6-6d8ed43c2c3f', 'context': [<snowplow_tracker.self_describing_json.SelfDescribingJson object at 0x7f80f0c2d070>]}
[0m21:50:42.662814 [debug] [MainThread]: Sending event: {'category': 'dbt', 'action': 'resource_counts', 'label': '0ce439d4-5284-485f-acf6-6d8ed43c2c3f', 'context': [<snowplow_tracker.self_describing_json.SelfDescribingJson object at 0x7f80efbaceb0>]}
[0m21:50:42.663381 [info ] [MainThread]: Found 4 models, 1 source, 0 exposures, 0 metrics, 432 macros, 0 groups, 0 semantic models
[0m21:50:42.663825 [debug] [MainThread]: Sending event: {'category': 'dbt', 'action': 'runnable_timing', 'label': '0ce439d4-5284-485f-acf6-6d8ed43c2c3f', 'context': [<snowplow_tracker.self_describing_json.SelfDescribingJson object at 0x7f80ef0aab20>]}
[0m21:50:42.665463 [info ] [MainThread]: 
[0m21:50:42.666540 [debug] [MainThread]: Acquiring new glue connection 'master'
[0m21:50:42.668013 [debug] [ThreadPool]: Acquiring new glue connection 'list_dbt_nyc_metrics'
[0m21:50:42.668616 [debug] [ThreadPool]: Opening a new connection, currently in state init
[0m21:50:42.669079 [debug] [ThreadPool]: Glue adapter: opening a new glue connection for thread : (2562, 123145523183616)
[0m21:50:42.669495 [debug] [ThreadPool]: Glue adapter: GlueConnection connect called
[0m21:50:42.669884 [debug] [ThreadPool]: Glue adapter: No session present, starting one
[0m21:50:42.670272 [debug] [ThreadPool]: Glue adapter: GlueConnection _start_session called
[0m21:50:43.636799 [debug] [ThreadPool]: On list_dbt_nyc_metrics: Close
[0m21:50:43.637692 [debug] [ThreadPool]: Glue adapter: NotImplemented: close
[0m21:50:43.639485 [debug] [ThreadPool]: Re-using an available connection from the pool (formerly list_dbt_nyc_metrics, now create_dbt_nyc_metrics_dbt_nyc_metrics)
[0m21:50:43.640570 [debug] [ThreadPool]: Opening a new connection, currently in state closed
[0m21:50:44.694634 [debug] [ThreadPool]: On create_dbt_nyc_metrics_dbt_nyc_metrics: Close
[0m21:50:44.695352 [debug] [ThreadPool]: Glue adapter: NotImplemented: close
[0m21:50:44.698307 [debug] [ThreadPool]: Re-using an available connection from the pool (formerly create_dbt_nyc_metrics_dbt_nyc_metrics, now list_dbt_nyc_metrics_dbt_nyc_metrics)
[0m21:50:44.699025 [debug] [ThreadPool]: Opening a new connection, currently in state closed
[0m21:50:44.926549 [debug] [ThreadPool]: On list_dbt_nyc_metrics_dbt_nyc_metrics: Close
[0m21:50:44.927404 [debug] [ThreadPool]: Glue adapter: NotImplemented: close
[0m21:50:44.928805 [debug] [MainThread]: Sending event: {'category': 'dbt', 'action': 'runnable_timing', 'label': '0ce439d4-5284-485f-acf6-6d8ed43c2c3f', 'context': [<snowplow_tracker.self_describing_json.SelfDescribingJson object at 0x7f80f0c2d3d0>]}
[0m21:50:44.929592 [debug] [MainThread]: Glue adapter: NotImplemented: add_begin_query
[0m21:50:44.930160 [debug] [MainThread]: Glue adapter: NotImplemented: commit
[0m21:50:44.931207 [info ] [MainThread]: Concurrency: 1 threads (target='dev')
[0m21:50:44.931800 [info ] [MainThread]: 
[0m21:50:44.940369 [debug] [Thread-1  ]: Began running node model.dbt_taxi_demo.silver_nyctaxi_avg_metrics
[0m21:50:44.941238 [info ] [Thread-1  ]: 1 of 4 START sql table model dbt_nyc_metrics.silver_nyctaxi_avg_metrics ........ [RUN]
[0m21:50:44.942455 [debug] [Thread-1  ]: Re-using an available connection from the pool (formerly list_dbt_nyc_metrics_dbt_nyc_metrics, now model.dbt_taxi_demo.silver_nyctaxi_avg_metrics)
[0m21:50:44.943107 [debug] [Thread-1  ]: Began compiling node model.dbt_taxi_demo.silver_nyctaxi_avg_metrics
[0m21:50:44.953996 [debug] [Thread-1  ]: Writing injected SQL for node "model.dbt_taxi_demo.silver_nyctaxi_avg_metrics"
[0m21:50:44.955263 [debug] [Thread-1  ]: Timing info for model.dbt_taxi_demo.silver_nyctaxi_avg_metrics (compile): 21:50:44.943489 => 21:50:44.954929
[0m21:50:44.956011 [debug] [Thread-1  ]: Began executing node model.dbt_taxi_demo.silver_nyctaxi_avg_metrics
[0m21:50:44.976097 [debug] [Thread-1  ]: Opening a new connection, currently in state closed
[0m21:50:45.185198 [debug] [Thread-1  ]: Glue adapter: An error occurred (EntityNotFoundException) when calling the GetTable operation: Entity Not Found
[0m21:50:45.198264 [debug] [Thread-1  ]: Glue adapter: NotImplemented: add_begin_query
[0m21:50:45.198803 [debug] [Thread-1  ]: Using glue connection "model.dbt_taxi_demo.silver_nyctaxi_avg_metrics"
[0m21:50:45.199253 [debug] [Thread-1  ]: On model.dbt_taxi_demo.silver_nyctaxi_avg_metrics: /* {"app": "dbt", "dbt_version": "1.6.1", "profile_name": "dbt_taxi_demo", "target_name": "dev", "node_id": "model.dbt_taxi_demo.silver_nyctaxi_avg_metrics"} */

        SET spark.sql.legacy.allowNonEmptyLocationInCTAS =true
      
[0m21:50:45.326663 [debug] [Thread-1  ]: Glue adapter: [elapsed 0.0s - cursor waiting glue session state to ready for GlueInteractiveSessionRole-dbt-glue-b7447bb1-8c6b-4cf9-a3e5-f20789f43420 in PROVISIONING state
[0m21:50:46.464638 [debug] [Thread-1  ]: Glue adapter: [elapsed 1.1329669952392578s - cursor waiting glue session state to ready for GlueInteractiveSessionRole-dbt-glue-b7447bb1-8c6b-4cf9-a3e5-f20789f43420 in PROVISIONING state
[0m21:50:47.625983 [debug] [Thread-1  ]: Glue adapter: [elapsed 2.2930572032928467s - cursor waiting glue session state to ready for GlueInteractiveSessionRole-dbt-glue-b7447bb1-8c6b-4cf9-a3e5-f20789f43420 in PROVISIONING state
[0m21:50:48.789114 [debug] [Thread-1  ]: Glue adapter: [elapsed 3.426020860671997s - cursor waiting glue session state to ready for GlueInteractiveSessionRole-dbt-glue-b7447bb1-8c6b-4cf9-a3e5-f20789f43420 in PROVISIONING state
[0m21:50:49.930436 [debug] [Thread-1  ]: Glue adapter: [elapsed 4.600319147109985s - cursor waiting glue session state to ready for GlueInteractiveSessionRole-dbt-glue-b7447bb1-8c6b-4cf9-a3e5-f20789f43420 in PROVISIONING state
[0m21:50:51.055257 [debug] [Thread-1  ]: Glue adapter: [elapsed 5.734374046325684s - cursor waiting glue session state to ready for GlueInteractiveSessionRole-dbt-glue-b7447bb1-8c6b-4cf9-a3e5-f20789f43420 in PROVISIONING state
[0m21:50:52.191603 [debug] [Thread-1  ]: Glue adapter: [elapsed 6.858776092529297s - cursor waiting glue session state to ready for GlueInteractiveSessionRole-dbt-glue-b7447bb1-8c6b-4cf9-a3e5-f20789f43420 in PROVISIONING state
[0m21:50:53.330890 [debug] [Thread-1  ]: Glue adapter: [elapsed 7.9978110790252686s - cursor waiting glue session state to ready for GlueInteractiveSessionRole-dbt-glue-b7447bb1-8c6b-4cf9-a3e5-f20789f43420 in PROVISIONING state
[0m21:50:54.469492 [debug] [Thread-1  ]: Glue adapter: [elapsed 9.142035961151123s - cursor waiting glue session state to ready for GlueInteractiveSessionRole-dbt-glue-b7447bb1-8c6b-4cf9-a3e5-f20789f43420 in PROVISIONING state
[0m21:50:55.614575 [debug] [Thread-1  ]: Glue adapter: [elapsed 10.278158903121948s - cursor waiting glue session state to ready for GlueInteractiveSessionRole-dbt-glue-b7447bb1-8c6b-4cf9-a3e5-f20789f43420 in PROVISIONING state
[0m21:50:56.744806 [debug] [Thread-1  ]: Glue adapter: [elapsed 11.418467998504639s - cursor waiting glue session state to ready for GlueInteractiveSessionRole-dbt-glue-b7447bb1-8c6b-4cf9-a3e5-f20789f43420 in PROVISIONING state
[0m21:50:57.876290 [debug] [Thread-1  ]: Glue adapter: [elapsed 12.545892000198364s - cursor waiting glue session state to ready for GlueInteractiveSessionRole-dbt-glue-b7447bb1-8c6b-4cf9-a3e5-f20789f43420 in PROVISIONING state
[0m21:50:59.019758 [debug] [Thread-1  ]: Glue adapter: [elapsed 13.687610864639282s - cursor waiting glue session state to ready for GlueInteractiveSessionRole-dbt-glue-b7447bb1-8c6b-4cf9-a3e5-f20789f43420 in PROVISIONING state
[0m21:51:00.159881 [debug] [Thread-1  ]: Glue adapter: [elapsed 14.82262897491455s - cursor waiting glue session state to ready for GlueInteractiveSessionRole-dbt-glue-b7447bb1-8c6b-4cf9-a3e5-f20789f43420 in PROVISIONING state
[0m21:51:01.312085 [debug] [Thread-1  ]: Glue adapter: [elapsed 15.978458881378174s - cursor waiting glue session state to ready for GlueInteractiveSessionRole-dbt-glue-b7447bb1-8c6b-4cf9-a3e5-f20789f43420 in PROVISIONING state
[0m21:51:02.475291 [debug] [Thread-1  ]: Glue adapter: [elapsed 17.12442398071289s - cursor waiting glue session state to ready for GlueInteractiveSessionRole-dbt-glue-b7447bb1-8c6b-4cf9-a3e5-f20789f43420 in PROVISIONING state
[0m21:51:03.608459 [debug] [Thread-1  ]: Glue adapter: [elapsed 18.278348207473755s - cursor waiting glue session state to ready for GlueInteractiveSessionRole-dbt-glue-b7447bb1-8c6b-4cf9-a3e5-f20789f43420 in READY state
[0m21:51:03.675406 [debug] [Thread-1  ]: Glue adapter: GlueConnection _init_session called
[0m21:51:03.676323 [debug] [Thread-1  ]: Glue adapter: GlueConnection session_id : GlueInteractiveSessionRole-dbt-glue-b7447bb1-8c6b-4cf9-a3e5-f20789f43420
[0m21:51:13.113306 [debug] [Thread-1  ]: Glue adapter: GlueCursor execute called
[0m21:51:13.114093 [debug] [Thread-1  ]: Glue adapter: GlueCursor remove_comments_header called
[0m21:51:13.114932 [debug] [Thread-1  ]: Glue adapter: GlueCursor add_end_space_if_single_quote called
[0m21:51:13.115936 [debug] [Thread-1  ]: Glue adapter: client : SqlWrapper2.execute('''/* {"app": "dbt", "dbt_version": "1.6.1", "profile_name": "dbt_taxi_demo", "target_name": "dev", "node_id": "model.dbt_taxi_demo.silver_nyctaxi_avg_metrics"} */

        SET spark.sql.legacy.allowNonEmptyLocationInCTAS =true
      ''')
[0m21:51:19.142311 [debug] [Thread-1  ]: Glue adapter: {'Statement': {'Id': 2, 'Code': 'SqlWrapper2.execute(\'\'\'/* {"app": "dbt", "dbt_version": "1.6.1", "profile_name": "dbt_taxi_demo", "target_name": "dev", "node_id": "model.dbt_taxi_demo.silver_nyctaxi_avg_metrics"} */\n\n        SET spark.sql.legacy.allowNonEmptyLocationInCTAS =true\n      \'\'\')', 'State': 'AVAILABLE', 'Output': {'Data': {'TextPlain': '{"type": "results", "rowcount": 1, "results": [{"type": "record", "data": {"key": "spark.sql.legacy.allowNonEmptyLocationInCTAS", "value": "true"}}], "description": [{"name": "key", "type": "StringType()"}, {"name": "value", "type": "StringType()"}]}'}, 'ExecutionCount': 2, 'Status': 'ok'}, 'Progress': 1.0, 'StartedOn': 1694742673227, 'CompletedOn': 1694742678188}, 'ResponseMetadata': {'RequestId': 'b70f98f9-3353-44d1-a884-901155f2865b', 'HTTPStatusCode': 200, 'HTTPHeaders': {'date': 'Fri, 15 Sep 2023 01:51:19 GMT', 'content-type': 'application/x-amz-json-1.1', 'content-length': '760', 'connection': 'keep-alive', 'x-amzn-requestid': 'b70f98f9-3353-44d1-a884-901155f2865b'}, 'RetryAttempts': 0}}
[0m21:51:19.143370 [debug] [Thread-1  ]: Glue adapter: status = ok
[0m21:51:19.144190 [debug] [Thread-1  ]: Glue adapter: GlueCursor execute successfully
[0m21:51:19.144992 [debug] [Thread-1  ]: SQL status: OK in 34.0 seconds
[0m21:51:19.323997 [debug] [Thread-1  ]: Glue adapter: An error occurred (EntityNotFoundException) when calling the GetTable operation: Entity Not Found
[0m21:51:19.326182 [debug] [Thread-1  ]: Using glue connection "model.dbt_taxi_demo.silver_nyctaxi_avg_metrics"
[0m21:51:19.326882 [debug] [Thread-1  ]: On model.dbt_taxi_demo.silver_nyctaxi_avg_metrics: /* {"app": "dbt", "dbt_version": "1.6.1", "profile_name": "dbt_taxi_demo", "target_name": "dev", "node_id": "model.dbt_taxi_demo.silver_nyctaxi_avg_metrics"} */
drop table if exists dbt_nyc_metrics.silver_nyctaxi_avg_metrics
[0m21:51:19.394596 [debug] [Thread-1  ]: Glue adapter: GlueConnection _init_session called
[0m21:51:19.395633 [debug] [Thread-1  ]: Glue adapter: GlueConnection session_id : GlueInteractiveSessionRole-dbt-glue-b7447bb1-8c6b-4cf9-a3e5-f20789f43420
[0m21:51:20.998402 [debug] [Thread-1  ]: Glue adapter: GlueCursor execute called
[0m21:51:20.999347 [debug] [Thread-1  ]: Glue adapter: GlueCursor remove_comments_header called
[0m21:51:21.000142 [debug] [Thread-1  ]: Glue adapter: GlueCursor add_end_space_if_single_quote called
[0m21:51:21.001015 [debug] [Thread-1  ]: Glue adapter: client : SqlWrapper2.execute('''/* {"app": "dbt", "dbt_version": "1.6.1", "profile_name": "dbt_taxi_demo", "target_name": "dev", "node_id": "model.dbt_taxi_demo.silver_nyctaxi_avg_metrics"} */
drop table if exists dbt_nyc_metrics.silver_nyctaxi_avg_metrics''')
[0m21:51:22.368742 [debug] [Thread-1  ]: Glue adapter: {'Statement': {'Id': 5, 'Code': 'SqlWrapper2.execute(\'\'\'/* {"app": "dbt", "dbt_version": "1.6.1", "profile_name": "dbt_taxi_demo", "target_name": "dev", "node_id": "model.dbt_taxi_demo.silver_nyctaxi_avg_metrics"} */\ndrop table if exists dbt_nyc_metrics.silver_nyctaxi_avg_metrics\'\'\')', 'State': 'AVAILABLE', 'Output': {'Data': {'TextPlain': '{"type": "results", "sql": "/* {\\"app\\": \\"dbt\\", \\"dbt_version\\": \\"1.6.1\\", \\"profile_name\\": \\"dbt_taxi_demo\\", \\"target_name\\": \\"dev\\", \\"node_id\\": \\"model.dbt_taxi_demo.silver_nyctaxi_avg_metrics\\"} */\\ndrop table if exists dbt_nyc_metrics.silver_nyctaxi_avg_metrics", "schema": null, "results": null}\n{"type": "results", "rowcount": 0, "results": [], "description": []}'}, 'ExecutionCount': 5, 'Status': 'ok'}, 'Progress': 1.0, 'StartedOn': 1694742681111, 'CompletedOn': 1694742681525}, 'ResponseMetadata': {'RequestId': '45503b90-594e-4657-8fb8-21e6a0881e51', 'HTTPStatusCode': 200, 'HTTPHeaders': {'date': 'Fri, 15 Sep 2023 01:51:22 GMT', 'content-type': 'application/x-amz-json-1.1', 'content-length': '902', 'connection': 'keep-alive', 'x-amzn-requestid': '45503b90-594e-4657-8fb8-21e6a0881e51'}, 'RetryAttempts': 0}}
[0m21:51:22.369817 [debug] [Thread-1  ]: Glue adapter: status = ok
[0m21:51:22.370687 [debug] [Thread-1  ]: Glue adapter: chunks: ['{"type": "results", "sql": "/* {\\"app\\": \\"dbt\\", \\"dbt_version\\": \\"1.6.1\\", \\"profile_name\\": \\"dbt_taxi_demo\\", \\"target_name\\": \\"dev\\", \\"node_id\\": \\"model.dbt_taxi_demo.silver_nyctaxi_avg_metrics\\"} */\\ndrop table if exists dbt_nyc_metrics.silver_nyctaxi_avg_metrics", "schema": null, "results": null}', '{"type": "results", "rowcount": 0, "results": [], "description": []}']
[0m21:51:22.371605 [debug] [Thread-1  ]: Glue adapter: response: {'Statement': {'Id': 5, 'Code': 'SqlWrapper2.execute(\'\'\'/* {"app": "dbt", "dbt_version": "1.6.1", "profile_name": "dbt_taxi_demo", "target_name": "dev", "node_id": "model.dbt_taxi_demo.silver_nyctaxi_avg_metrics"} */\ndrop table if exists dbt_nyc_metrics.silver_nyctaxi_avg_metrics\'\'\')', 'State': 'AVAILABLE', 'Output': {'Data': {'TextPlain': '{"type": "results", "sql": "/* {\\"app\\": \\"dbt\\", \\"dbt_version\\": \\"1.6.1\\", \\"profile_name\\": \\"dbt_taxi_demo\\", \\"target_name\\": \\"dev\\", \\"node_id\\": \\"model.dbt_taxi_demo.silver_nyctaxi_avg_metrics\\"} */\\ndrop table if exists dbt_nyc_metrics.silver_nyctaxi_avg_metrics", "schema": null, "results": null}\n{"type": "results", "rowcount": 0, "results": [], "description": []}'}, 'ExecutionCount': 5, 'Status': 'ok'}, 'Progress': 1.0, 'StartedOn': 1694742681111, 'CompletedOn': 1694742681525}, 'ResponseMetadata': {'RequestId': '45503b90-594e-4657-8fb8-21e6a0881e51', 'HTTPStatusCode': 200, 'HTTPHeaders': {'date': 'Fri, 15 Sep 2023 01:51:22 GMT', 'content-type': 'application/x-amz-json-1.1', 'content-length': '902', 'connection': 'keep-alive', 'x-amzn-requestid': '45503b90-594e-4657-8fb8-21e6a0881e51'}, 'RetryAttempts': 0}}
[0m21:51:22.372313 [debug] [Thread-1  ]: Glue adapter: GlueCursor execute successfully
[0m21:51:22.372940 [debug] [Thread-1  ]: SQL status: OK in 3.0 seconds
[0m21:51:22.414851 [debug] [Thread-1  ]: Writing runtime sql for node "model.dbt_taxi_demo.silver_nyctaxi_avg_metrics"
[0m21:51:22.415998 [debug] [Thread-1  ]: Using glue connection "model.dbt_taxi_demo.silver_nyctaxi_avg_metrics"
[0m21:51:22.416500 [debug] [Thread-1  ]: On model.dbt_taxi_demo.silver_nyctaxi_avg_metrics: /* {"app": "dbt", "dbt_version": "1.6.1", "profile_name": "dbt_taxi_demo", "target_name": "dev", "node_id": "model.dbt_taxi_demo.silver_nyctaxi_avg_metrics"} */

  
    create table dbt_nyc_metrics.silver_nyctaxi_avg_metrics
  using PARQUET
	
	
	
	LOCATION 's3://ikoch-lakeformation-db/nyctaxi-data-out//dbt_nyc_metrics/silver_nyctaxi_avg_metrics/'
	
	as
	

WITH source_avg as (
    SELECT avg((CAST(tpep_dropoff_datetime as LONG) - CAST(tpep_pickup_datetime as LONG))/60) as avg_duration
    , avg(passenger_count) as avg_passenger_count 
    , avg(trip_distance) as avg_trip_distance 
    , avg(total_amount) as avg_total_amount
    , year(CAST(tpep_dropoff_datetime as timestamp)) as year
    , month(CAST(tpep_dropoff_datetime as timestamp)) as month
    , payment_type as type
    FROM nyctaxi.tripdata
    --WHERE year = "2022"
    WHERE tpep_dropoff_datetime is not null
    GROUP BY 5, 6, 7
    --GROUP BY 5
) 
SELECT *
FROM source_avg
  
[0m21:51:22.477852 [debug] [Thread-1  ]: Glue adapter: GlueConnection _init_session called
[0m21:51:22.478767 [debug] [Thread-1  ]: Glue adapter: GlueConnection session_id : GlueInteractiveSessionRole-dbt-glue-b7447bb1-8c6b-4cf9-a3e5-f20789f43420
[0m21:51:24.233576 [debug] [Thread-1  ]: Glue adapter: GlueCursor execute called
[0m21:51:24.234531 [debug] [Thread-1  ]: Glue adapter: GlueCursor remove_comments_header called
[0m21:51:24.235329 [debug] [Thread-1  ]: Glue adapter: GlueCursor add_end_space_if_single_quote called
[0m21:51:24.236283 [debug] [Thread-1  ]: Glue adapter: client : SqlWrapper2.execute('''/* {"app": "dbt", "dbt_version": "1.6.1", "profile_name": "dbt_taxi_demo", "target_name": "dev", "node_id": "model.dbt_taxi_demo.silver_nyctaxi_avg_metrics"} */

  
    create table dbt_nyc_metrics.silver_nyctaxi_avg_metrics
  using PARQUET
	
	
	
	LOCATION 's3://ikoch-lakeformation-db/nyctaxi-data-out//dbt_nyc_metrics/silver_nyctaxi_avg_metrics/'
	
	as
	

WITH source_avg as (
    SELECT avg((CAST(tpep_dropoff_datetime as LONG) - CAST(tpep_pickup_datetime as LONG))/60) as avg_duration
    , avg(passenger_count) as avg_passenger_count 
    , avg(trip_distance) as avg_trip_distance 
    , avg(total_amount) as avg_total_amount
    , year(CAST(tpep_dropoff_datetime as timestamp)) as year
    , month(CAST(tpep_dropoff_datetime as timestamp)) as month
    , payment_type as type
    FROM nyctaxi.tripdata
    --WHERE year = "2022"
    WHERE tpep_dropoff_datetime is not null
    GROUP BY 5, 6, 7
    --GROUP BY 5
) 
SELECT *
FROM source_avg
  ''')
[0m21:51:49.156054 [debug] [Thread-1  ]: Glue adapter: {'Statement': {'Id': 8, 'Code': 'SqlWrapper2.execute(\'\'\'/* {"app": "dbt", "dbt_version": "1.6.1", "profile_name": "dbt_taxi_demo", "target_name": "dev", "node_id": "model.dbt_taxi_demo.silver_nyctaxi_avg_metrics"} */\n\n  \n    create table dbt_nyc_metrics.silver_nyctaxi_avg_metrics\n  using PARQUET\n\t\n\t\n\t\n\tLOCATION \'s3://ikoch-lakeformation-db/nyctaxi-data-out//dbt_nyc_metrics/silver_nyctaxi_avg_metrics/\'\n\t\n\tas\n\t\n\nWITH source_avg as (\n    SELECT avg((CAST(tpep_dropoff_datetime as LONG) - CAST(tpep_pickup_datetime as LONG))/60) as avg_duration\n    , avg(passenger_count) as avg_passenger_count \n    , avg(trip_distance) as avg_trip_distance \n    , avg(total_amount) as avg_total_amount\n    , year(CAST(tpep_dropoff_datetime as timestamp)) as year\n    , month(CAST(tpep_dropoff_datetime as timestamp)) as month\n    , payment_type as type\n    FROM nyctaxi.tripdata\n    --WHERE year = "2022"\n    WHERE tpep_dropoff_datetime is not null\n    GROUP BY 5, 6, 7\n    --GROUP BY 5\n) \nSELECT *\nFROM source_avg\n  \'\'\')', 'State': 'AVAILABLE', 'Output': {'Data': {'TextPlain': '{"type": "results", "sql": "/* {\\"app\\": \\"dbt\\", \\"dbt_version\\": \\"1.6.1\\", \\"profile_name\\": \\"dbt_taxi_demo\\", \\"target_name\\": \\"dev\\", \\"node_id\\": \\"model.dbt_taxi_demo.silver_nyctaxi_avg_metrics\\"} */\\n\\n  \\n    create table dbt_nyc_metrics.silver_nyctaxi_avg_metrics\\n  using PARQUET\\n\\t\\n\\t\\n\\t\\n\\tLOCATION \'s3://ikoch-lakeformation-db/nyctaxi-data-out//dbt_nyc_metrics/silver_nyctaxi_avg_metrics/\'\\n\\t\\n\\tas\\n\\t\\n\\nWITH source_avg as (\\n    SELECT avg((CAST(tpep_dropoff_datetime as LONG) - CAST(tpep_pickup_datetime as LONG))/60) as avg_duration\\n    , avg(passenger_count) as avg_passenger_count \\n    , avg(trip_distance) as avg_trip_distance \\n    , avg(total_amount) as avg_total_amount\\n    , year(CAST(tpep_dropoff_datetime as timestamp)) as year\\n    , month(CAST(tpep_dropoff_datetime as timestamp)) as month\\n    , payment_type as type\\n    FROM nyctaxi.tripdata\\n    --WHERE year = \\"2022\\"\\n    WHERE tpep_dropoff_datetime is not null\\n    GROUP BY 5, 6, 7\\n    --GROUP BY 5\\n) \\nSELECT *\\nFROM source_avg\\n  ", "schema": null, "results": null}\n{"type": "results", "rowcount": 0, "results": [], "description": []}'}, 'ExecutionCount': 8, 'Status': 'ok'}, 'Progress': 1.0, 'StartedOn': 1694742684421, 'CompletedOn': 1694742707989}, 'ResponseMetadata': {'RequestId': '6912af3a-143b-4890-a538-4734d5787a19', 'HTTPStatusCode': 200, 'HTTPHeaders': {'date': 'Fri, 15 Sep 2023 01:51:49 GMT', 'content-type': 'application/x-amz-json-1.1', 'content-length': '2459', 'connection': 'keep-alive', 'x-amzn-requestid': '6912af3a-143b-4890-a538-4734d5787a19'}, 'RetryAttempts': 0}}
[0m21:51:49.157486 [debug] [Thread-1  ]: Glue adapter: status = ok
[0m21:51:49.158311 [debug] [Thread-1  ]: Glue adapter: chunks: ['{"type": "results", "sql": "/* {\\"app\\": \\"dbt\\", \\"dbt_version\\": \\"1.6.1\\", \\"profile_name\\": \\"dbt_taxi_demo\\", \\"target_name\\": \\"dev\\", \\"node_id\\": \\"model.dbt_taxi_demo.silver_nyctaxi_avg_metrics\\"} */\\n\\n  \\n    create table dbt_nyc_metrics.silver_nyctaxi_avg_metrics\\n  using PARQUET\\n\\t\\n\\t\\n\\t\\n\\tLOCATION \'s3://ikoch-lakeformation-db/nyctaxi-data-out//dbt_nyc_metrics/silver_nyctaxi_avg_metrics/\'\\n\\t\\n\\tas\\n\\t\\n\\nWITH source_avg as (\\n    SELECT avg((CAST(tpep_dropoff_datetime as LONG) - CAST(tpep_pickup_datetime as LONG))/60) as avg_duration\\n    , avg(passenger_count) as avg_passenger_count \\n    , avg(trip_distance) as avg_trip_distance \\n    , avg(total_amount) as avg_total_amount\\n    , year(CAST(tpep_dropoff_datetime as timestamp)) as year\\n    , month(CAST(tpep_dropoff_datetime as timestamp)) as month\\n    , payment_type as type\\n    FROM nyctaxi.tripdata\\n    --WHERE year = \\"2022\\"\\n    WHERE tpep_dropoff_datetime is not null\\n    GROUP BY 5, 6, 7\\n    --GROUP BY 5\\n) \\nSELECT *\\nFROM source_avg\\n  ", "schema": null, "results": null}', '{"type": "results", "rowcount": 0, "results": [], "description": []}']
[0m21:51:49.159295 [debug] [Thread-1  ]: Glue adapter: response: {'Statement': {'Id': 8, 'Code': 'SqlWrapper2.execute(\'\'\'/* {"app": "dbt", "dbt_version": "1.6.1", "profile_name": "dbt_taxi_demo", "target_name": "dev", "node_id": "model.dbt_taxi_demo.silver_nyctaxi_avg_metrics"} */\n\n  \n    create table dbt_nyc_metrics.silver_nyctaxi_avg_metrics\n  using PARQUET\n\t\n\t\n\t\n\tLOCATION \'s3://ikoch-lakeformation-db/nyctaxi-data-out//dbt_nyc_metrics/silver_nyctaxi_avg_metrics/\'\n\t\n\tas\n\t\n\nWITH source_avg as (\n    SELECT avg((CAST(tpep_dropoff_datetime as LONG) - CAST(tpep_pickup_datetime as LONG))/60) as avg_duration\n    , avg(passenger_count) as avg_passenger_count \n    , avg(trip_distance) as avg_trip_distance \n    , avg(total_amount) as avg_total_amount\n    , year(CAST(tpep_dropoff_datetime as timestamp)) as year\n    , month(CAST(tpep_dropoff_datetime as timestamp)) as month\n    , payment_type as type\n    FROM nyctaxi.tripdata\n    --WHERE year = "2022"\n    WHERE tpep_dropoff_datetime is not null\n    GROUP BY 5, 6, 7\n    --GROUP BY 5\n) \nSELECT *\nFROM source_avg\n  \'\'\')', 'State': 'AVAILABLE', 'Output': {'Data': {'TextPlain': '{"type": "results", "sql": "/* {\\"app\\": \\"dbt\\", \\"dbt_version\\": \\"1.6.1\\", \\"profile_name\\": \\"dbt_taxi_demo\\", \\"target_name\\": \\"dev\\", \\"node_id\\": \\"model.dbt_taxi_demo.silver_nyctaxi_avg_metrics\\"} */\\n\\n  \\n    create table dbt_nyc_metrics.silver_nyctaxi_avg_metrics\\n  using PARQUET\\n\\t\\n\\t\\n\\t\\n\\tLOCATION \'s3://ikoch-lakeformation-db/nyctaxi-data-out//dbt_nyc_metrics/silver_nyctaxi_avg_metrics/\'\\n\\t\\n\\tas\\n\\t\\n\\nWITH source_avg as (\\n    SELECT avg((CAST(tpep_dropoff_datetime as LONG) - CAST(tpep_pickup_datetime as LONG))/60) as avg_duration\\n    , avg(passenger_count) as avg_passenger_count \\n    , avg(trip_distance) as avg_trip_distance \\n    , avg(total_amount) as avg_total_amount\\n    , year(CAST(tpep_dropoff_datetime as timestamp)) as year\\n    , month(CAST(tpep_dropoff_datetime as timestamp)) as month\\n    , payment_type as type\\n    FROM nyctaxi.tripdata\\n    --WHERE year = \\"2022\\"\\n    WHERE tpep_dropoff_datetime is not null\\n    GROUP BY 5, 6, 7\\n    --GROUP BY 5\\n) \\nSELECT *\\nFROM source_avg\\n  ", "schema": null, "results": null}\n{"type": "results", "rowcount": 0, "results": [], "description": []}'}, 'ExecutionCount': 8, 'Status': 'ok'}, 'Progress': 1.0, 'StartedOn': 1694742684421, 'CompletedOn': 1694742707989}, 'ResponseMetadata': {'RequestId': '6912af3a-143b-4890-a538-4734d5787a19', 'HTTPStatusCode': 200, 'HTTPHeaders': {'date': 'Fri, 15 Sep 2023 01:51:49 GMT', 'content-type': 'application/x-amz-json-1.1', 'content-length': '2459', 'connection': 'keep-alive', 'x-amzn-requestid': '6912af3a-143b-4890-a538-4734d5787a19'}, 'RetryAttempts': 0}}
[0m21:51:49.160295 [debug] [Thread-1  ]: Glue adapter: GlueCursor execute successfully
[0m21:51:49.161567 [debug] [Thread-1  ]: SQL status: OK in 27.0 seconds
[0m21:51:49.198125 [debug] [Thread-1  ]: Timing info for model.dbt_taxi_demo.silver_nyctaxi_avg_metrics (execute): 21:50:44.956472 => 21:51:49.197766
[0m21:51:49.199042 [debug] [Thread-1  ]: On model.dbt_taxi_demo.silver_nyctaxi_avg_metrics: ROLLBACK
[0m21:51:49.199596 [debug] [Thread-1  ]: Glue adapter: NotImplemented: rollback
[0m21:51:49.200465 [debug] [Thread-1  ]: On model.dbt_taxi_demo.silver_nyctaxi_avg_metrics: Close
[0m21:51:49.202635 [debug] [Thread-1  ]: Glue adapter: NotImplemented: close
[0m21:51:49.204210 [debug] [Thread-1  ]: Sending event: {'category': 'dbt', 'action': 'run_model', 'label': '0ce439d4-5284-485f-acf6-6d8ed43c2c3f', 'context': [<snowplow_tracker.self_describing_json.SelfDescribingJson object at 0x7f80f24fbca0>]}
[0m21:51:49.205779 [info ] [Thread-1  ]: 1 of 4 OK created sql table model dbt_nyc_metrics.silver_nyctaxi_avg_metrics ... [[32mOK[0m in 64.26s]
[0m21:51:49.207453 [debug] [Thread-1  ]: Finished running node model.dbt_taxi_demo.silver_nyctaxi_avg_metrics
[0m21:51:49.210605 [debug] [Thread-1  ]: Began running node model.dbt_taxi_demo.gold_nyctaxi_cost_metrics
[0m21:51:49.211343 [info ] [Thread-1  ]: 2 of 4 START sql table model dbt_nyc_metrics.gold_nyctaxi_cost_metrics ......... [RUN]
[0m21:51:49.212249 [debug] [Thread-1  ]: Re-using an available connection from the pool (formerly model.dbt_taxi_demo.silver_nyctaxi_avg_metrics, now model.dbt_taxi_demo.gold_nyctaxi_cost_metrics)
[0m21:51:49.212793 [debug] [Thread-1  ]: Began compiling node model.dbt_taxi_demo.gold_nyctaxi_cost_metrics
[0m21:51:49.217411 [debug] [Thread-1  ]: Writing injected SQL for node "model.dbt_taxi_demo.gold_nyctaxi_cost_metrics"
[0m21:51:49.219400 [debug] [Thread-1  ]: Timing info for model.dbt_taxi_demo.gold_nyctaxi_cost_metrics (compile): 21:51:49.213135 => 21:51:49.218844
[0m21:51:49.220205 [debug] [Thread-1  ]: Began executing node model.dbt_taxi_demo.gold_nyctaxi_cost_metrics
[0m21:51:49.223942 [debug] [Thread-1  ]: Opening a new connection, currently in state closed
[0m21:51:49.438811 [debug] [Thread-1  ]: Glue adapter: An error occurred (EntityNotFoundException) when calling the GetTable operation: Entity Not Found
[0m21:51:49.633095 [debug] [Thread-1  ]: Glue adapter: An error occurred (EntityNotFoundException) when calling the GetTable operation: Entity Not Found
[0m21:51:49.634759 [debug] [Thread-1  ]: Using glue connection "model.dbt_taxi_demo.gold_nyctaxi_cost_metrics"
[0m21:51:49.635255 [debug] [Thread-1  ]: On model.dbt_taxi_demo.gold_nyctaxi_cost_metrics: /* {"app": "dbt", "dbt_version": "1.6.1", "profile_name": "dbt_taxi_demo", "target_name": "dev", "node_id": "model.dbt_taxi_demo.gold_nyctaxi_cost_metrics"} */
drop table if exists dbt_nyc_metrics.gold_nyctaxi_cost_metrics
[0m21:51:49.689422 [debug] [Thread-1  ]: Glue adapter: GlueConnection _init_session called
[0m21:51:49.690362 [debug] [Thread-1  ]: Glue adapter: GlueConnection session_id : GlueInteractiveSessionRole-dbt-glue-b7447bb1-8c6b-4cf9-a3e5-f20789f43420
[0m21:51:51.333165 [debug] [Thread-1  ]: Glue adapter: GlueCursor execute called
[0m21:51:51.334946 [debug] [Thread-1  ]: Glue adapter: GlueCursor remove_comments_header called
[0m21:51:51.336015 [debug] [Thread-1  ]: Glue adapter: GlueCursor add_end_space_if_single_quote called
[0m21:51:51.337656 [debug] [Thread-1  ]: Glue adapter: client : SqlWrapper2.execute('''/* {"app": "dbt", "dbt_version": "1.6.1", "profile_name": "dbt_taxi_demo", "target_name": "dev", "node_id": "model.dbt_taxi_demo.gold_nyctaxi_cost_metrics"} */
drop table if exists dbt_nyc_metrics.gold_nyctaxi_cost_metrics''')
[0m21:51:52.755990 [debug] [Thread-1  ]: Glue adapter: {'Statement': {'Id': 11, 'Code': 'SqlWrapper2.execute(\'\'\'/* {"app": "dbt", "dbt_version": "1.6.1", "profile_name": "dbt_taxi_demo", "target_name": "dev", "node_id": "model.dbt_taxi_demo.gold_nyctaxi_cost_metrics"} */\ndrop table if exists dbt_nyc_metrics.gold_nyctaxi_cost_metrics\'\'\')', 'State': 'AVAILABLE', 'Output': {'Data': {'TextPlain': '{"type": "results", "sql": "/* {\\"app\\": \\"dbt\\", \\"dbt_version\\": \\"1.6.1\\", \\"profile_name\\": \\"dbt_taxi_demo\\", \\"target_name\\": \\"dev\\", \\"node_id\\": \\"model.dbt_taxi_demo.gold_nyctaxi_cost_metrics\\"} */\\ndrop table if exists dbt_nyc_metrics.gold_nyctaxi_cost_metrics", "schema": null, "results": null}\n{"type": "results", "rowcount": 0, "results": [], "description": []}'}, 'ExecutionCount': 11, 'Status': 'ok'}, 'Progress': 1.0, 'StartedOn': 1694742711462, 'CompletedOn': 1694742712083}, 'ResponseMetadata': {'RequestId': '06ac4a64-39bb-4923-b036-30900bdb9b5e', 'HTTPStatusCode': 200, 'HTTPHeaders': {'date': 'Fri, 15 Sep 2023 01:51:52 GMT', 'content-type': 'application/x-amz-json-1.1', 'content-length': '900', 'connection': 'keep-alive', 'x-amzn-requestid': '06ac4a64-39bb-4923-b036-30900bdb9b5e'}, 'RetryAttempts': 0}}
[0m21:51:52.757088 [debug] [Thread-1  ]: Glue adapter: status = ok
[0m21:51:52.757949 [debug] [Thread-1  ]: Glue adapter: chunks: ['{"type": "results", "sql": "/* {\\"app\\": \\"dbt\\", \\"dbt_version\\": \\"1.6.1\\", \\"profile_name\\": \\"dbt_taxi_demo\\", \\"target_name\\": \\"dev\\", \\"node_id\\": \\"model.dbt_taxi_demo.gold_nyctaxi_cost_metrics\\"} */\\ndrop table if exists dbt_nyc_metrics.gold_nyctaxi_cost_metrics", "schema": null, "results": null}', '{"type": "results", "rowcount": 0, "results": [], "description": []}']
[0m21:51:52.758855 [debug] [Thread-1  ]: Glue adapter: response: {'Statement': {'Id': 11, 'Code': 'SqlWrapper2.execute(\'\'\'/* {"app": "dbt", "dbt_version": "1.6.1", "profile_name": "dbt_taxi_demo", "target_name": "dev", "node_id": "model.dbt_taxi_demo.gold_nyctaxi_cost_metrics"} */\ndrop table if exists dbt_nyc_metrics.gold_nyctaxi_cost_metrics\'\'\')', 'State': 'AVAILABLE', 'Output': {'Data': {'TextPlain': '{"type": "results", "sql": "/* {\\"app\\": \\"dbt\\", \\"dbt_version\\": \\"1.6.1\\", \\"profile_name\\": \\"dbt_taxi_demo\\", \\"target_name\\": \\"dev\\", \\"node_id\\": \\"model.dbt_taxi_demo.gold_nyctaxi_cost_metrics\\"} */\\ndrop table if exists dbt_nyc_metrics.gold_nyctaxi_cost_metrics", "schema": null, "results": null}\n{"type": "results", "rowcount": 0, "results": [], "description": []}'}, 'ExecutionCount': 11, 'Status': 'ok'}, 'Progress': 1.0, 'StartedOn': 1694742711462, 'CompletedOn': 1694742712083}, 'ResponseMetadata': {'RequestId': '06ac4a64-39bb-4923-b036-30900bdb9b5e', 'HTTPStatusCode': 200, 'HTTPHeaders': {'date': 'Fri, 15 Sep 2023 01:51:52 GMT', 'content-type': 'application/x-amz-json-1.1', 'content-length': '900', 'connection': 'keep-alive', 'x-amzn-requestid': '06ac4a64-39bb-4923-b036-30900bdb9b5e'}, 'RetryAttempts': 0}}
[0m21:51:52.759554 [debug] [Thread-1  ]: Glue adapter: GlueCursor execute successfully
[0m21:51:52.760176 [debug] [Thread-1  ]: SQL status: OK in 3.0 seconds
[0m21:51:52.770453 [debug] [Thread-1  ]: Writing runtime sql for node "model.dbt_taxi_demo.gold_nyctaxi_cost_metrics"
[0m21:51:52.771518 [debug] [Thread-1  ]: Glue adapter: NotImplemented: add_begin_query
[0m21:51:52.772036 [debug] [Thread-1  ]: Using glue connection "model.dbt_taxi_demo.gold_nyctaxi_cost_metrics"
[0m21:51:52.772563 [debug] [Thread-1  ]: On model.dbt_taxi_demo.gold_nyctaxi_cost_metrics: /* {"app": "dbt", "dbt_version": "1.6.1", "profile_name": "dbt_taxi_demo", "target_name": "dev", "node_id": "model.dbt_taxi_demo.gold_nyctaxi_cost_metrics"} */

  
    create table dbt_nyc_metrics.gold_nyctaxi_cost_metrics
  using PARQUET
	
	
	
	LOCATION 's3://ikoch-lakeformation-db/nyctaxi-data-out//dbt_nyc_metrics/gold_nyctaxi_cost_metrics/'
	
	as
	SELECT (avg_total_amount/avg_trip_distance) as avg_cost_per_distance
, (avg_total_amount/avg_duration) as avg_cost_per_minute
, year
, month 
, type 
FROM dbt_nyc_metrics.silver_nyctaxi_avg_metrics
  
[0m21:51:52.843727 [debug] [Thread-1  ]: Glue adapter: GlueConnection _init_session called
[0m21:51:52.844653 [debug] [Thread-1  ]: Glue adapter: GlueConnection session_id : GlueInteractiveSessionRole-dbt-glue-b7447bb1-8c6b-4cf9-a3e5-f20789f43420
[0m21:51:54.603189 [debug] [Thread-1  ]: Glue adapter: GlueCursor execute called
[0m21:51:54.604917 [debug] [Thread-1  ]: Glue adapter: GlueCursor remove_comments_header called
[0m21:51:54.606005 [debug] [Thread-1  ]: Glue adapter: GlueCursor add_end_space_if_single_quote called
[0m21:51:54.607020 [debug] [Thread-1  ]: Glue adapter: client : SqlWrapper2.execute('''/* {"app": "dbt", "dbt_version": "1.6.1", "profile_name": "dbt_taxi_demo", "target_name": "dev", "node_id": "model.dbt_taxi_demo.gold_nyctaxi_cost_metrics"} */

  
    create table dbt_nyc_metrics.gold_nyctaxi_cost_metrics
  using PARQUET
	
	
	
	LOCATION 's3://ikoch-lakeformation-db/nyctaxi-data-out//dbt_nyc_metrics/gold_nyctaxi_cost_metrics/'
	
	as
	SELECT (avg_total_amount/avg_trip_distance) as avg_cost_per_distance
, (avg_total_amount/avg_duration) as avg_cost_per_minute
, year
, month 
, type 
FROM dbt_nyc_metrics.silver_nyctaxi_avg_metrics
  ''')
[0m21:51:58.255731 [debug] [Thread-1  ]: Glue adapter: {'Statement': {'Id': 14, 'Code': 'SqlWrapper2.execute(\'\'\'/* {"app": "dbt", "dbt_version": "1.6.1", "profile_name": "dbt_taxi_demo", "target_name": "dev", "node_id": "model.dbt_taxi_demo.gold_nyctaxi_cost_metrics"} */\n\n  \n    create table dbt_nyc_metrics.gold_nyctaxi_cost_metrics\n  using PARQUET\n\t\n\t\n\t\n\tLOCATION \'s3://ikoch-lakeformation-db/nyctaxi-data-out//dbt_nyc_metrics/gold_nyctaxi_cost_metrics/\'\n\t\n\tas\n\tSELECT (avg_total_amount/avg_trip_distance) as avg_cost_per_distance\n, (avg_total_amount/avg_duration) as avg_cost_per_minute\n, year\n, month \n, type \nFROM dbt_nyc_metrics.silver_nyctaxi_avg_metrics\n  \'\'\')', 'State': 'AVAILABLE', 'Output': {'Data': {'TextPlain': '{"type": "results", "sql": "/* {\\"app\\": \\"dbt\\", \\"dbt_version\\": \\"1.6.1\\", \\"profile_name\\": \\"dbt_taxi_demo\\", \\"target_name\\": \\"dev\\", \\"node_id\\": \\"model.dbt_taxi_demo.gold_nyctaxi_cost_metrics\\"} */\\n\\n  \\n    create table dbt_nyc_metrics.gold_nyctaxi_cost_metrics\\n  using PARQUET\\n\\t\\n\\t\\n\\t\\n\\tLOCATION \'s3://ikoch-lakeformation-db/nyctaxi-data-out//dbt_nyc_metrics/gold_nyctaxi_cost_metrics/\'\\n\\t\\n\\tas\\n\\tSELECT (avg_total_amount/avg_trip_distance) as avg_cost_per_distance\\n, (avg_total_amount/avg_duration) as avg_cost_per_minute\\n, year\\n, month \\n, type \\nFROM dbt_nyc_metrics.silver_nyctaxi_avg_metrics\\n  ", "schema": null, "results": null}\n{"type": "results", "rowcount": 0, "results": [], "description": []}'}, 'ExecutionCount': 14, 'Status': 'ok'}, 'Progress': 1.0, 'StartedOn': 1694742714724, 'CompletedOn': 1694742717741}, 'ResponseMetadata': {'RequestId': '9177ec29-b79e-405f-adee-d8dbf5646092', 'HTTPStatusCode': 200, 'HTTPHeaders': {'date': 'Fri, 15 Sep 2023 01:51:58 GMT', 'content-type': 'application/x-amz-json-1.1', 'content-length': '1631', 'connection': 'keep-alive', 'x-amzn-requestid': '9177ec29-b79e-405f-adee-d8dbf5646092'}, 'RetryAttempts': 0}}
[0m21:51:58.256616 [debug] [Thread-1  ]: Glue adapter: status = ok
[0m21:51:58.257158 [debug] [Thread-1  ]: Glue adapter: chunks: ['{"type": "results", "sql": "/* {\\"app\\": \\"dbt\\", \\"dbt_version\\": \\"1.6.1\\", \\"profile_name\\": \\"dbt_taxi_demo\\", \\"target_name\\": \\"dev\\", \\"node_id\\": \\"model.dbt_taxi_demo.gold_nyctaxi_cost_metrics\\"} */\\n\\n  \\n    create table dbt_nyc_metrics.gold_nyctaxi_cost_metrics\\n  using PARQUET\\n\\t\\n\\t\\n\\t\\n\\tLOCATION \'s3://ikoch-lakeformation-db/nyctaxi-data-out//dbt_nyc_metrics/gold_nyctaxi_cost_metrics/\'\\n\\t\\n\\tas\\n\\tSELECT (avg_total_amount/avg_trip_distance) as avg_cost_per_distance\\n, (avg_total_amount/avg_duration) as avg_cost_per_minute\\n, year\\n, month \\n, type \\nFROM dbt_nyc_metrics.silver_nyctaxi_avg_metrics\\n  ", "schema": null, "results": null}', '{"type": "results", "rowcount": 0, "results": [], "description": []}']
[0m21:51:58.257744 [debug] [Thread-1  ]: Glue adapter: response: {'Statement': {'Id': 14, 'Code': 'SqlWrapper2.execute(\'\'\'/* {"app": "dbt", "dbt_version": "1.6.1", "profile_name": "dbt_taxi_demo", "target_name": "dev", "node_id": "model.dbt_taxi_demo.gold_nyctaxi_cost_metrics"} */\n\n  \n    create table dbt_nyc_metrics.gold_nyctaxi_cost_metrics\n  using PARQUET\n\t\n\t\n\t\n\tLOCATION \'s3://ikoch-lakeformation-db/nyctaxi-data-out//dbt_nyc_metrics/gold_nyctaxi_cost_metrics/\'\n\t\n\tas\n\tSELECT (avg_total_amount/avg_trip_distance) as avg_cost_per_distance\n, (avg_total_amount/avg_duration) as avg_cost_per_minute\n, year\n, month \n, type \nFROM dbt_nyc_metrics.silver_nyctaxi_avg_metrics\n  \'\'\')', 'State': 'AVAILABLE', 'Output': {'Data': {'TextPlain': '{"type": "results", "sql": "/* {\\"app\\": \\"dbt\\", \\"dbt_version\\": \\"1.6.1\\", \\"profile_name\\": \\"dbt_taxi_demo\\", \\"target_name\\": \\"dev\\", \\"node_id\\": \\"model.dbt_taxi_demo.gold_nyctaxi_cost_metrics\\"} */\\n\\n  \\n    create table dbt_nyc_metrics.gold_nyctaxi_cost_metrics\\n  using PARQUET\\n\\t\\n\\t\\n\\t\\n\\tLOCATION \'s3://ikoch-lakeformation-db/nyctaxi-data-out//dbt_nyc_metrics/gold_nyctaxi_cost_metrics/\'\\n\\t\\n\\tas\\n\\tSELECT (avg_total_amount/avg_trip_distance) as avg_cost_per_distance\\n, (avg_total_amount/avg_duration) as avg_cost_per_minute\\n, year\\n, month \\n, type \\nFROM dbt_nyc_metrics.silver_nyctaxi_avg_metrics\\n  ", "schema": null, "results": null}\n{"type": "results", "rowcount": 0, "results": [], "description": []}'}, 'ExecutionCount': 14, 'Status': 'ok'}, 'Progress': 1.0, 'StartedOn': 1694742714724, 'CompletedOn': 1694742717741}, 'ResponseMetadata': {'RequestId': '9177ec29-b79e-405f-adee-d8dbf5646092', 'HTTPStatusCode': 200, 'HTTPHeaders': {'date': 'Fri, 15 Sep 2023 01:51:58 GMT', 'content-type': 'application/x-amz-json-1.1', 'content-length': '1631', 'connection': 'keep-alive', 'x-amzn-requestid': '9177ec29-b79e-405f-adee-d8dbf5646092'}, 'RetryAttempts': 0}}
[0m21:51:58.258278 [debug] [Thread-1  ]: Glue adapter: GlueCursor execute successfully
[0m21:51:58.258717 [debug] [Thread-1  ]: SQL status: OK in 5.0 seconds
[0m21:51:58.261687 [debug] [Thread-1  ]: Timing info for model.dbt_taxi_demo.gold_nyctaxi_cost_metrics (execute): 21:51:49.220607 => 21:51:58.261460
[0m21:51:58.262159 [debug] [Thread-1  ]: On model.dbt_taxi_demo.gold_nyctaxi_cost_metrics: ROLLBACK
[0m21:51:58.262603 [debug] [Thread-1  ]: Glue adapter: NotImplemented: rollback
[0m21:51:58.263027 [debug] [Thread-1  ]: On model.dbt_taxi_demo.gold_nyctaxi_cost_metrics: Close
[0m21:51:58.263503 [debug] [Thread-1  ]: Glue adapter: NotImplemented: close
[0m21:51:58.264407 [debug] [Thread-1  ]: Sending event: {'category': 'dbt', 'action': 'run_model', 'label': '0ce439d4-5284-485f-acf6-6d8ed43c2c3f', 'context': [<snowplow_tracker.self_describing_json.SelfDescribingJson object at 0x7f80f26d6760>]}
[0m21:51:58.265063 [info ] [Thread-1  ]: 2 of 4 OK created sql table model dbt_nyc_metrics.gold_nyctaxi_cost_metrics .... [[32mOK[0m in 9.05s]
[0m21:51:58.265766 [debug] [Thread-1  ]: Finished running node model.dbt_taxi_demo.gold_nyctaxi_cost_metrics
[0m21:51:58.266308 [debug] [Thread-1  ]: Began running node model.dbt_taxi_demo.gold_nyctaxi_distance_metrics
[0m21:51:58.266950 [info ] [Thread-1  ]: 3 of 4 START sql table model dbt_nyc_metrics.gold_nyctaxi_distance_metrics ..... [RUN]
[0m21:51:58.267773 [debug] [Thread-1  ]: Re-using an available connection from the pool (formerly model.dbt_taxi_demo.gold_nyctaxi_cost_metrics, now model.dbt_taxi_demo.gold_nyctaxi_distance_metrics)
[0m21:51:58.268243 [debug] [Thread-1  ]: Began compiling node model.dbt_taxi_demo.gold_nyctaxi_distance_metrics
[0m21:51:58.271771 [debug] [Thread-1  ]: Writing injected SQL for node "model.dbt_taxi_demo.gold_nyctaxi_distance_metrics"
[0m21:51:58.272737 [debug] [Thread-1  ]: Timing info for model.dbt_taxi_demo.gold_nyctaxi_distance_metrics (compile): 21:51:58.268565 => 21:51:58.272428
[0m21:51:58.273426 [debug] [Thread-1  ]: Began executing node model.dbt_taxi_demo.gold_nyctaxi_distance_metrics
[0m21:51:58.277624 [debug] [Thread-1  ]: Opening a new connection, currently in state closed
[0m21:51:58.450884 [debug] [Thread-1  ]: Glue adapter: An error occurred (EntityNotFoundException) when calling the GetTable operation: Entity Not Found
[0m21:51:58.652413 [debug] [Thread-1  ]: Glue adapter: An error occurred (EntityNotFoundException) when calling the GetTable operation: Entity Not Found
[0m21:51:58.655156 [debug] [Thread-1  ]: Using glue connection "model.dbt_taxi_demo.gold_nyctaxi_distance_metrics"
[0m21:51:58.656287 [debug] [Thread-1  ]: On model.dbt_taxi_demo.gold_nyctaxi_distance_metrics: /* {"app": "dbt", "dbt_version": "1.6.1", "profile_name": "dbt_taxi_demo", "target_name": "dev", "node_id": "model.dbt_taxi_demo.gold_nyctaxi_distance_metrics"} */
drop table if exists dbt_nyc_metrics.gold_nyctaxi_distance_metrics
[0m21:51:58.722281 [debug] [Thread-1  ]: Glue adapter: GlueConnection _init_session called
[0m21:51:58.723299 [debug] [Thread-1  ]: Glue adapter: GlueConnection session_id : GlueInteractiveSessionRole-dbt-glue-b7447bb1-8c6b-4cf9-a3e5-f20789f43420
[0m21:51:59.285826 [debug] [Thread-1  ]: Glue adapter: GlueCursor execute called
[0m21:51:59.286577 [debug] [Thread-1  ]: Glue adapter: GlueCursor remove_comments_header called
[0m21:51:59.287101 [debug] [Thread-1  ]: Glue adapter: GlueCursor add_end_space_if_single_quote called
[0m21:51:59.287980 [debug] [Thread-1  ]: Glue adapter: client : SqlWrapper2.execute('''/* {"app": "dbt", "dbt_version": "1.6.1", "profile_name": "dbt_taxi_demo", "target_name": "dev", "node_id": "model.dbt_taxi_demo.gold_nyctaxi_distance_metrics"} */
drop table if exists dbt_nyc_metrics.gold_nyctaxi_distance_metrics''')
[0m21:52:00.661019 [debug] [Thread-1  ]: Glue adapter: {'Statement': {'Id': 17, 'Code': 'SqlWrapper2.execute(\'\'\'/* {"app": "dbt", "dbt_version": "1.6.1", "profile_name": "dbt_taxi_demo", "target_name": "dev", "node_id": "model.dbt_taxi_demo.gold_nyctaxi_distance_metrics"} */\ndrop table if exists dbt_nyc_metrics.gold_nyctaxi_distance_metrics\'\'\')', 'State': 'AVAILABLE', 'Output': {'Data': {'TextPlain': '{"type": "results", "sql": "/* {\\"app\\": \\"dbt\\", \\"dbt_version\\": \\"1.6.1\\", \\"profile_name\\": \\"dbt_taxi_demo\\", \\"target_name\\": \\"dev\\", \\"node_id\\": \\"model.dbt_taxi_demo.gold_nyctaxi_distance_metrics\\"} */\\ndrop table if exists dbt_nyc_metrics.gold_nyctaxi_distance_metrics", "schema": null, "results": null}\n{"type": "results", "rowcount": 0, "results": [], "description": []}'}, 'ExecutionCount': 17, 'Status': 'ok'}, 'Progress': 1.0, 'StartedOn': 1694742719395, 'CompletedOn': 1694742719682}, 'ResponseMetadata': {'RequestId': '43e919a7-f606-4934-a7ef-4f9e1791ac77', 'HTTPStatusCode': 200, 'HTTPHeaders': {'date': 'Fri, 15 Sep 2023 01:52:00 GMT', 'content-type': 'application/x-amz-json-1.1', 'content-length': '916', 'connection': 'keep-alive', 'x-amzn-requestid': '43e919a7-f606-4934-a7ef-4f9e1791ac77'}, 'RetryAttempts': 0}}
[0m21:52:00.662062 [debug] [Thread-1  ]: Glue adapter: status = ok
[0m21:52:00.662924 [debug] [Thread-1  ]: Glue adapter: chunks: ['{"type": "results", "sql": "/* {\\"app\\": \\"dbt\\", \\"dbt_version\\": \\"1.6.1\\", \\"profile_name\\": \\"dbt_taxi_demo\\", \\"target_name\\": \\"dev\\", \\"node_id\\": \\"model.dbt_taxi_demo.gold_nyctaxi_distance_metrics\\"} */\\ndrop table if exists dbt_nyc_metrics.gold_nyctaxi_distance_metrics", "schema": null, "results": null}', '{"type": "results", "rowcount": 0, "results": [], "description": []}']
[0m21:52:00.663960 [debug] [Thread-1  ]: Glue adapter: response: {'Statement': {'Id': 17, 'Code': 'SqlWrapper2.execute(\'\'\'/* {"app": "dbt", "dbt_version": "1.6.1", "profile_name": "dbt_taxi_demo", "target_name": "dev", "node_id": "model.dbt_taxi_demo.gold_nyctaxi_distance_metrics"} */\ndrop table if exists dbt_nyc_metrics.gold_nyctaxi_distance_metrics\'\'\')', 'State': 'AVAILABLE', 'Output': {'Data': {'TextPlain': '{"type": "results", "sql": "/* {\\"app\\": \\"dbt\\", \\"dbt_version\\": \\"1.6.1\\", \\"profile_name\\": \\"dbt_taxi_demo\\", \\"target_name\\": \\"dev\\", \\"node_id\\": \\"model.dbt_taxi_demo.gold_nyctaxi_distance_metrics\\"} */\\ndrop table if exists dbt_nyc_metrics.gold_nyctaxi_distance_metrics", "schema": null, "results": null}\n{"type": "results", "rowcount": 0, "results": [], "description": []}'}, 'ExecutionCount': 17, 'Status': 'ok'}, 'Progress': 1.0, 'StartedOn': 1694742719395, 'CompletedOn': 1694742719682}, 'ResponseMetadata': {'RequestId': '43e919a7-f606-4934-a7ef-4f9e1791ac77', 'HTTPStatusCode': 200, 'HTTPHeaders': {'date': 'Fri, 15 Sep 2023 01:52:00 GMT', 'content-type': 'application/x-amz-json-1.1', 'content-length': '916', 'connection': 'keep-alive', 'x-amzn-requestid': '43e919a7-f606-4934-a7ef-4f9e1791ac77'}, 'RetryAttempts': 0}}
[0m21:52:00.665847 [debug] [Thread-1  ]: Glue adapter: GlueCursor execute successfully
[0m21:52:00.666584 [debug] [Thread-1  ]: SQL status: OK in 2.0 seconds
[0m21:52:00.677727 [debug] [Thread-1  ]: Writing runtime sql for node "model.dbt_taxi_demo.gold_nyctaxi_distance_metrics"
[0m21:52:00.678686 [debug] [Thread-1  ]: Glue adapter: NotImplemented: add_begin_query
[0m21:52:00.679148 [debug] [Thread-1  ]: Using glue connection "model.dbt_taxi_demo.gold_nyctaxi_distance_metrics"
[0m21:52:00.679605 [debug] [Thread-1  ]: On model.dbt_taxi_demo.gold_nyctaxi_distance_metrics: /* {"app": "dbt", "dbt_version": "1.6.1", "profile_name": "dbt_taxi_demo", "target_name": "dev", "node_id": "model.dbt_taxi_demo.gold_nyctaxi_distance_metrics"} */

  
    create table dbt_nyc_metrics.gold_nyctaxi_distance_metrics
  using PARQUET
	
	
	
	LOCATION 's3://ikoch-lakeformation-db/nyctaxi-data-out//dbt_nyc_metrics/gold_nyctaxi_distance_metrics/'
	
	as
	SELECT (avg_trip_distance/avg_duration) as avg_distance_per_duration
, year
, month 
, type 
FROM dbt_nyc_metrics.silver_nyctaxi_avg_metrics
  
[0m21:52:00.751687 [debug] [Thread-1  ]: Glue adapter: GlueConnection _init_session called
[0m21:52:00.753329 [debug] [Thread-1  ]: Glue adapter: GlueConnection session_id : GlueInteractiveSessionRole-dbt-glue-b7447bb1-8c6b-4cf9-a3e5-f20789f43420
[0m21:52:02.392604 [debug] [Thread-1  ]: Glue adapter: GlueCursor execute called
[0m21:52:02.393662 [debug] [Thread-1  ]: Glue adapter: GlueCursor remove_comments_header called
[0m21:52:02.394474 [debug] [Thread-1  ]: Glue adapter: GlueCursor add_end_space_if_single_quote called
[0m21:52:02.395193 [debug] [Thread-1  ]: Glue adapter: client : SqlWrapper2.execute('''/* {"app": "dbt", "dbt_version": "1.6.1", "profile_name": "dbt_taxi_demo", "target_name": "dev", "node_id": "model.dbt_taxi_demo.gold_nyctaxi_distance_metrics"} */

  
    create table dbt_nyc_metrics.gold_nyctaxi_distance_metrics
  using PARQUET
	
	
	
	LOCATION 's3://ikoch-lakeformation-db/nyctaxi-data-out//dbt_nyc_metrics/gold_nyctaxi_distance_metrics/'
	
	as
	SELECT (avg_trip_distance/avg_duration) as avg_distance_per_duration
, year
, month 
, type 
FROM dbt_nyc_metrics.silver_nyctaxi_avg_metrics
  ''')
[0m21:52:10.516336 [debug] [Thread-1  ]: Glue adapter: {'Statement': {'Id': 20, 'Code': 'SqlWrapper2.execute(\'\'\'/* {"app": "dbt", "dbt_version": "1.6.1", "profile_name": "dbt_taxi_demo", "target_name": "dev", "node_id": "model.dbt_taxi_demo.gold_nyctaxi_distance_metrics"} */\n\n  \n    create table dbt_nyc_metrics.gold_nyctaxi_distance_metrics\n  using PARQUET\n\t\n\t\n\t\n\tLOCATION \'s3://ikoch-lakeformation-db/nyctaxi-data-out//dbt_nyc_metrics/gold_nyctaxi_distance_metrics/\'\n\t\n\tas\n\tSELECT (avg_trip_distance/avg_duration) as avg_distance_per_duration\n, year\n, month \n, type \nFROM dbt_nyc_metrics.silver_nyctaxi_avg_metrics\n  \'\'\')', 'State': 'AVAILABLE', 'Output': {'Data': {'TextPlain': '{"type": "results", "sql": "/* {\\"app\\": \\"dbt\\", \\"dbt_version\\": \\"1.6.1\\", \\"profile_name\\": \\"dbt_taxi_demo\\", \\"target_name\\": \\"dev\\", \\"node_id\\": \\"model.dbt_taxi_demo.gold_nyctaxi_distance_metrics\\"} */\\n\\n  \\n    create table dbt_nyc_metrics.gold_nyctaxi_distance_metrics\\n  using PARQUET\\n\\t\\n\\t\\n\\t\\n\\tLOCATION \'s3://ikoch-lakeformation-db/nyctaxi-data-out//dbt_nyc_metrics/gold_nyctaxi_distance_metrics/\'\\n\\t\\n\\tas\\n\\tSELECT (avg_trip_distance/avg_duration) as avg_distance_per_duration\\n, year\\n, month \\n, type \\nFROM dbt_nyc_metrics.silver_nyctaxi_avg_metrics\\n  ", "schema": null, "results": null}\n{"type": "results", "rowcount": 0, "results": [], "description": []}'}, 'ExecutionCount': 20, 'Status': 'ok'}, 'Progress': 1.0, 'StartedOn': 1694742722535, 'CompletedOn': 1694742729539}, 'ResponseMetadata': {'RequestId': 'b84388b8-4478-4b27-9c41-e3cfb2272417', 'HTTPStatusCode': 200, 'HTTPHeaders': {'date': 'Fri, 15 Sep 2023 01:52:10 GMT', 'content-type': 'application/x-amz-json-1.1', 'content-length': '1538', 'connection': 'keep-alive', 'x-amzn-requestid': 'b84388b8-4478-4b27-9c41-e3cfb2272417'}, 'RetryAttempts': 0}}
[0m21:52:10.518880 [debug] [Thread-1  ]: Glue adapter: status = ok
[0m21:52:10.519581 [debug] [Thread-1  ]: Glue adapter: chunks: ['{"type": "results", "sql": "/* {\\"app\\": \\"dbt\\", \\"dbt_version\\": \\"1.6.1\\", \\"profile_name\\": \\"dbt_taxi_demo\\", \\"target_name\\": \\"dev\\", \\"node_id\\": \\"model.dbt_taxi_demo.gold_nyctaxi_distance_metrics\\"} */\\n\\n  \\n    create table dbt_nyc_metrics.gold_nyctaxi_distance_metrics\\n  using PARQUET\\n\\t\\n\\t\\n\\t\\n\\tLOCATION \'s3://ikoch-lakeformation-db/nyctaxi-data-out//dbt_nyc_metrics/gold_nyctaxi_distance_metrics/\'\\n\\t\\n\\tas\\n\\tSELECT (avg_trip_distance/avg_duration) as avg_distance_per_duration\\n, year\\n, month \\n, type \\nFROM dbt_nyc_metrics.silver_nyctaxi_avg_metrics\\n  ", "schema": null, "results": null}', '{"type": "results", "rowcount": 0, "results": [], "description": []}']
[0m21:52:10.520266 [debug] [Thread-1  ]: Glue adapter: response: {'Statement': {'Id': 20, 'Code': 'SqlWrapper2.execute(\'\'\'/* {"app": "dbt", "dbt_version": "1.6.1", "profile_name": "dbt_taxi_demo", "target_name": "dev", "node_id": "model.dbt_taxi_demo.gold_nyctaxi_distance_metrics"} */\n\n  \n    create table dbt_nyc_metrics.gold_nyctaxi_distance_metrics\n  using PARQUET\n\t\n\t\n\t\n\tLOCATION \'s3://ikoch-lakeformation-db/nyctaxi-data-out//dbt_nyc_metrics/gold_nyctaxi_distance_metrics/\'\n\t\n\tas\n\tSELECT (avg_trip_distance/avg_duration) as avg_distance_per_duration\n, year\n, month \n, type \nFROM dbt_nyc_metrics.silver_nyctaxi_avg_metrics\n  \'\'\')', 'State': 'AVAILABLE', 'Output': {'Data': {'TextPlain': '{"type": "results", "sql": "/* {\\"app\\": \\"dbt\\", \\"dbt_version\\": \\"1.6.1\\", \\"profile_name\\": \\"dbt_taxi_demo\\", \\"target_name\\": \\"dev\\", \\"node_id\\": \\"model.dbt_taxi_demo.gold_nyctaxi_distance_metrics\\"} */\\n\\n  \\n    create table dbt_nyc_metrics.gold_nyctaxi_distance_metrics\\n  using PARQUET\\n\\t\\n\\t\\n\\t\\n\\tLOCATION \'s3://ikoch-lakeformation-db/nyctaxi-data-out//dbt_nyc_metrics/gold_nyctaxi_distance_metrics/\'\\n\\t\\n\\tas\\n\\tSELECT (avg_trip_distance/avg_duration) as avg_distance_per_duration\\n, year\\n, month \\n, type \\nFROM dbt_nyc_metrics.silver_nyctaxi_avg_metrics\\n  ", "schema": null, "results": null}\n{"type": "results", "rowcount": 0, "results": [], "description": []}'}, 'ExecutionCount': 20, 'Status': 'ok'}, 'Progress': 1.0, 'StartedOn': 1694742722535, 'CompletedOn': 1694742729539}, 'ResponseMetadata': {'RequestId': 'b84388b8-4478-4b27-9c41-e3cfb2272417', 'HTTPStatusCode': 200, 'HTTPHeaders': {'date': 'Fri, 15 Sep 2023 01:52:10 GMT', 'content-type': 'application/x-amz-json-1.1', 'content-length': '1538', 'connection': 'keep-alive', 'x-amzn-requestid': 'b84388b8-4478-4b27-9c41-e3cfb2272417'}, 'RetryAttempts': 0}}
[0m21:52:10.520875 [debug] [Thread-1  ]: Glue adapter: GlueCursor execute successfully
[0m21:52:10.521342 [debug] [Thread-1  ]: SQL status: OK in 10.0 seconds
[0m21:52:10.524503 [debug] [Thread-1  ]: Timing info for model.dbt_taxi_demo.gold_nyctaxi_distance_metrics (execute): 21:51:58.273884 => 21:52:10.524240
[0m21:52:10.525034 [debug] [Thread-1  ]: On model.dbt_taxi_demo.gold_nyctaxi_distance_metrics: ROLLBACK
[0m21:52:10.525588 [debug] [Thread-1  ]: Glue adapter: NotImplemented: rollback
[0m21:52:10.526146 [debug] [Thread-1  ]: On model.dbt_taxi_demo.gold_nyctaxi_distance_metrics: Close
[0m21:52:10.526663 [debug] [Thread-1  ]: Glue adapter: NotImplemented: close
[0m21:52:10.527592 [debug] [Thread-1  ]: Sending event: {'category': 'dbt', 'action': 'run_model', 'label': '0ce439d4-5284-485f-acf6-6d8ed43c2c3f', 'context': [<snowplow_tracker.self_describing_json.SelfDescribingJson object at 0x7f80f26d6280>]}
[0m21:52:10.528307 [info ] [Thread-1  ]: 3 of 4 OK created sql table model dbt_nyc_metrics.gold_nyctaxi_distance_metrics  [[32mOK[0m in 12.26s]
[0m21:52:10.529062 [debug] [Thread-1  ]: Finished running node model.dbt_taxi_demo.gold_nyctaxi_distance_metrics
[0m21:52:10.529640 [debug] [Thread-1  ]: Began running node model.dbt_taxi_demo.gold_nyctaxi_passengers_metrics
[0m21:52:10.530349 [info ] [Thread-1  ]: 4 of 4 START sql table model dbt_nyc_metrics.gold_nyctaxi_passengers_metrics ... [RUN]
[0m21:52:10.531208 [debug] [Thread-1  ]: Re-using an available connection from the pool (formerly model.dbt_taxi_demo.gold_nyctaxi_distance_metrics, now model.dbt_taxi_demo.gold_nyctaxi_passengers_metrics)
[0m21:52:10.531743 [debug] [Thread-1  ]: Began compiling node model.dbt_taxi_demo.gold_nyctaxi_passengers_metrics
[0m21:52:10.536095 [debug] [Thread-1  ]: Writing injected SQL for node "model.dbt_taxi_demo.gold_nyctaxi_passengers_metrics"
[0m21:52:10.537045 [debug] [Thread-1  ]: Timing info for model.dbt_taxi_demo.gold_nyctaxi_passengers_metrics (compile): 21:52:10.532073 => 21:52:10.536789
[0m21:52:10.537514 [debug] [Thread-1  ]: Began executing node model.dbt_taxi_demo.gold_nyctaxi_passengers_metrics
[0m21:52:10.540274 [debug] [Thread-1  ]: Opening a new connection, currently in state closed
[0m21:52:12.000212 [debug] [Thread-1  ]: Glue adapter: An error occurred (EntityNotFoundException) when calling the GetTable operation: Entity Not Found
[0m21:52:12.720004 [debug] [Thread-1  ]: Glue adapter: An error occurred (EntityNotFoundException) when calling the GetTable operation: Entity Not Found
[0m21:52:12.722470 [debug] [Thread-1  ]: Using glue connection "model.dbt_taxi_demo.gold_nyctaxi_passengers_metrics"
[0m21:52:12.723275 [debug] [Thread-1  ]: On model.dbt_taxi_demo.gold_nyctaxi_passengers_metrics: /* {"app": "dbt", "dbt_version": "1.6.1", "profile_name": "dbt_taxi_demo", "target_name": "dev", "node_id": "model.dbt_taxi_demo.gold_nyctaxi_passengers_metrics"} */
drop table if exists dbt_nyc_metrics.gold_nyctaxi_passengers_metrics
[0m21:52:12.793531 [debug] [Thread-1  ]: Glue adapter: GlueConnection _init_session called
[0m21:52:12.794439 [debug] [Thread-1  ]: Glue adapter: GlueConnection session_id : GlueInteractiveSessionRole-dbt-glue-b7447bb1-8c6b-4cf9-a3e5-f20789f43420
[0m21:52:13.451132 [debug] [Thread-1  ]: Glue adapter: GlueCursor execute called
[0m21:52:13.452097 [debug] [Thread-1  ]: Glue adapter: GlueCursor remove_comments_header called
[0m21:52:13.452886 [debug] [Thread-1  ]: Glue adapter: GlueCursor add_end_space_if_single_quote called
[0m21:52:13.453783 [debug] [Thread-1  ]: Glue adapter: client : SqlWrapper2.execute('''/* {"app": "dbt", "dbt_version": "1.6.1", "profile_name": "dbt_taxi_demo", "target_name": "dev", "node_id": "model.dbt_taxi_demo.gold_nyctaxi_passengers_metrics"} */
drop table if exists dbt_nyc_metrics.gold_nyctaxi_passengers_metrics''')
[0m21:52:14.967914 [debug] [Thread-1  ]: Glue adapter: {'Statement': {'Id': 23, 'Code': 'SqlWrapper2.execute(\'\'\'/* {"app": "dbt", "dbt_version": "1.6.1", "profile_name": "dbt_taxi_demo", "target_name": "dev", "node_id": "model.dbt_taxi_demo.gold_nyctaxi_passengers_metrics"} */\ndrop table if exists dbt_nyc_metrics.gold_nyctaxi_passengers_metrics\'\'\')', 'State': 'AVAILABLE', 'Output': {'Data': {'TextPlain': '{"type": "results", "sql": "/* {\\"app\\": \\"dbt\\", \\"dbt_version\\": \\"1.6.1\\", \\"profile_name\\": \\"dbt_taxi_demo\\", \\"target_name\\": \\"dev\\", \\"node_id\\": \\"model.dbt_taxi_demo.gold_nyctaxi_passengers_metrics\\"} */\\ndrop table if exists dbt_nyc_metrics.gold_nyctaxi_passengers_metrics", "schema": null, "results": null}\n{"type": "results", "rowcount": 0, "results": [], "description": []}'}, 'ExecutionCount': 23, 'Status': 'ok'}, 'Progress': 1.0, 'StartedOn': 1694742733563, 'CompletedOn': 1694742733882}, 'ResponseMetadata': {'RequestId': '7344ef5c-6a7a-4b2d-958b-2285482119ce', 'HTTPStatusCode': 200, 'HTTPHeaders': {'date': 'Fri, 15 Sep 2023 01:52:14 GMT', 'content-type': 'application/x-amz-json-1.1', 'content-length': '924', 'connection': 'keep-alive', 'x-amzn-requestid': '7344ef5c-6a7a-4b2d-958b-2285482119ce'}, 'RetryAttempts': 0}}
[0m21:52:14.968995 [debug] [Thread-1  ]: Glue adapter: status = ok
[0m21:52:14.969800 [debug] [Thread-1  ]: Glue adapter: chunks: ['{"type": "results", "sql": "/* {\\"app\\": \\"dbt\\", \\"dbt_version\\": \\"1.6.1\\", \\"profile_name\\": \\"dbt_taxi_demo\\", \\"target_name\\": \\"dev\\", \\"node_id\\": \\"model.dbt_taxi_demo.gold_nyctaxi_passengers_metrics\\"} */\\ndrop table if exists dbt_nyc_metrics.gold_nyctaxi_passengers_metrics", "schema": null, "results": null}', '{"type": "results", "rowcount": 0, "results": [], "description": []}']
[0m21:52:14.970672 [debug] [Thread-1  ]: Glue adapter: response: {'Statement': {'Id': 23, 'Code': 'SqlWrapper2.execute(\'\'\'/* {"app": "dbt", "dbt_version": "1.6.1", "profile_name": "dbt_taxi_demo", "target_name": "dev", "node_id": "model.dbt_taxi_demo.gold_nyctaxi_passengers_metrics"} */\ndrop table if exists dbt_nyc_metrics.gold_nyctaxi_passengers_metrics\'\'\')', 'State': 'AVAILABLE', 'Output': {'Data': {'TextPlain': '{"type": "results", "sql": "/* {\\"app\\": \\"dbt\\", \\"dbt_version\\": \\"1.6.1\\", \\"profile_name\\": \\"dbt_taxi_demo\\", \\"target_name\\": \\"dev\\", \\"node_id\\": \\"model.dbt_taxi_demo.gold_nyctaxi_passengers_metrics\\"} */\\ndrop table if exists dbt_nyc_metrics.gold_nyctaxi_passengers_metrics", "schema": null, "results": null}\n{"type": "results", "rowcount": 0, "results": [], "description": []}'}, 'ExecutionCount': 23, 'Status': 'ok'}, 'Progress': 1.0, 'StartedOn': 1694742733563, 'CompletedOn': 1694742733882}, 'ResponseMetadata': {'RequestId': '7344ef5c-6a7a-4b2d-958b-2285482119ce', 'HTTPStatusCode': 200, 'HTTPHeaders': {'date': 'Fri, 15 Sep 2023 01:52:14 GMT', 'content-type': 'application/x-amz-json-1.1', 'content-length': '924', 'connection': 'keep-alive', 'x-amzn-requestid': '7344ef5c-6a7a-4b2d-958b-2285482119ce'}, 'RetryAttempts': 0}}
[0m21:52:14.972489 [debug] [Thread-1  ]: Glue adapter: GlueCursor execute successfully
[0m21:52:14.973479 [debug] [Thread-1  ]: SQL status: OK in 2.0 seconds
[0m21:52:14.985673 [debug] [Thread-1  ]: Writing runtime sql for node "model.dbt_taxi_demo.gold_nyctaxi_passengers_metrics"
[0m21:52:14.986762 [debug] [Thread-1  ]: Glue adapter: NotImplemented: add_begin_query
[0m21:52:14.987943 [debug] [Thread-1  ]: Using glue connection "model.dbt_taxi_demo.gold_nyctaxi_passengers_metrics"
[0m21:52:14.988637 [debug] [Thread-1  ]: On model.dbt_taxi_demo.gold_nyctaxi_passengers_metrics: /* {"app": "dbt", "dbt_version": "1.6.1", "profile_name": "dbt_taxi_demo", "target_name": "dev", "node_id": "model.dbt_taxi_demo.gold_nyctaxi_passengers_metrics"} */

  
    create table dbt_nyc_metrics.gold_nyctaxi_passengers_metrics
  using PARQUET
	
	
	
	LOCATION 's3://ikoch-lakeformation-db/nyctaxi-data-out//dbt_nyc_metrics/gold_nyctaxi_passengers_metrics/'
	
	as
	SELECT (avg_total_amount/avg_passenger_count) as avg_cost_per_passenger
, (avg_duration/avg_passenger_count) as avg_duration_per_passenger
, (avg_trip_distance/avg_passenger_count) as avg_trip_distance_per_passenger
, year
, month 
, type 
FROM dbt_nyc_metrics.silver_nyctaxi_avg_metrics
  
[0m21:52:15.059844 [debug] [Thread-1  ]: Glue adapter: GlueConnection _init_session called
[0m21:52:15.060839 [debug] [Thread-1  ]: Glue adapter: GlueConnection session_id : GlueInteractiveSessionRole-dbt-glue-b7447bb1-8c6b-4cf9-a3e5-f20789f43420
[0m21:52:16.767344 [debug] [Thread-1  ]: Glue adapter: GlueCursor execute called
[0m21:52:16.768298 [debug] [Thread-1  ]: Glue adapter: GlueCursor remove_comments_header called
[0m21:52:16.769145 [debug] [Thread-1  ]: Glue adapter: GlueCursor add_end_space_if_single_quote called
[0m21:52:16.769866 [debug] [Thread-1  ]: Glue adapter: client : SqlWrapper2.execute('''/* {"app": "dbt", "dbt_version": "1.6.1", "profile_name": "dbt_taxi_demo", "target_name": "dev", "node_id": "model.dbt_taxi_demo.gold_nyctaxi_passengers_metrics"} */

  
    create table dbt_nyc_metrics.gold_nyctaxi_passengers_metrics
  using PARQUET
	
	
	
	LOCATION 's3://ikoch-lakeformation-db/nyctaxi-data-out//dbt_nyc_metrics/gold_nyctaxi_passengers_metrics/'
	
	as
	SELECT (avg_total_amount/avg_passenger_count) as avg_cost_per_passenger
, (avg_duration/avg_passenger_count) as avg_duration_per_passenger
, (avg_trip_distance/avg_passenger_count) as avg_trip_distance_per_passenger
, year
, month 
, type 
FROM dbt_nyc_metrics.silver_nyctaxi_avg_metrics
  ''')
[0m21:52:20.557612 [debug] [Thread-1  ]: Glue adapter: {'Statement': {'Id': 26, 'Code': 'SqlWrapper2.execute(\'\'\'/* {"app": "dbt", "dbt_version": "1.6.1", "profile_name": "dbt_taxi_demo", "target_name": "dev", "node_id": "model.dbt_taxi_demo.gold_nyctaxi_passengers_metrics"} */\n\n  \n    create table dbt_nyc_metrics.gold_nyctaxi_passengers_metrics\n  using PARQUET\n\t\n\t\n\t\n\tLOCATION \'s3://ikoch-lakeformation-db/nyctaxi-data-out//dbt_nyc_metrics/gold_nyctaxi_passengers_metrics/\'\n\t\n\tas\n\tSELECT (avg_total_amount/avg_passenger_count) as avg_cost_per_passenger\n, (avg_duration/avg_passenger_count) as avg_duration_per_passenger\n, (avg_trip_distance/avg_passenger_count) as avg_trip_distance_per_passenger\n, year\n, month \n, type \nFROM dbt_nyc_metrics.silver_nyctaxi_avg_metrics\n  \'\'\')', 'State': 'AVAILABLE', 'Output': {'Data': {'TextPlain': '{"type": "results", "sql": "/* {\\"app\\": \\"dbt\\", \\"dbt_version\\": \\"1.6.1\\", \\"profile_name\\": \\"dbt_taxi_demo\\", \\"target_name\\": \\"dev\\", \\"node_id\\": \\"model.dbt_taxi_demo.gold_nyctaxi_passengers_metrics\\"} */\\n\\n  \\n    create table dbt_nyc_metrics.gold_nyctaxi_passengers_metrics\\n  using PARQUET\\n\\t\\n\\t\\n\\t\\n\\tLOCATION \'s3://ikoch-lakeformation-db/nyctaxi-data-out//dbt_nyc_metrics/gold_nyctaxi_passengers_metrics/\'\\n\\t\\n\\tas\\n\\tSELECT (avg_total_amount/avg_passenger_count) as avg_cost_per_passenger\\n, (avg_duration/avg_passenger_count) as avg_duration_per_passenger\\n, (avg_trip_distance/avg_passenger_count) as avg_trip_distance_per_passenger\\n, year\\n, month \\n, type \\nFROM dbt_nyc_metrics.silver_nyctaxi_avg_metrics\\n  ", "schema": null, "results": null}\n{"type": "results", "rowcount": 0, "results": [], "description": []}'}, 'ExecutionCount': 26, 'Status': 'ok'}, 'Progress': 1.0, 'StartedOn': 1694742736894, 'CompletedOn': 1694742739794}, 'ResponseMetadata': {'RequestId': '33e6e774-a87b-47ff-b877-a1702230b610', 'HTTPStatusCode': 200, 'HTTPHeaders': {'date': 'Fri, 15 Sep 2023 01:52:20 GMT', 'content-type': 'application/x-amz-json-1.1', 'content-length': '1850', 'connection': 'keep-alive', 'x-amzn-requestid': '33e6e774-a87b-47ff-b877-a1702230b610'}, 'RetryAttempts': 0}}
[0m21:52:20.558327 [debug] [Thread-1  ]: Glue adapter: status = ok
[0m21:52:20.559101 [debug] [Thread-1  ]: Glue adapter: chunks: ['{"type": "results", "sql": "/* {\\"app\\": \\"dbt\\", \\"dbt_version\\": \\"1.6.1\\", \\"profile_name\\": \\"dbt_taxi_demo\\", \\"target_name\\": \\"dev\\", \\"node_id\\": \\"model.dbt_taxi_demo.gold_nyctaxi_passengers_metrics\\"} */\\n\\n  \\n    create table dbt_nyc_metrics.gold_nyctaxi_passengers_metrics\\n  using PARQUET\\n\\t\\n\\t\\n\\t\\n\\tLOCATION \'s3://ikoch-lakeformation-db/nyctaxi-data-out//dbt_nyc_metrics/gold_nyctaxi_passengers_metrics/\'\\n\\t\\n\\tas\\n\\tSELECT (avg_total_amount/avg_passenger_count) as avg_cost_per_passenger\\n, (avg_duration/avg_passenger_count) as avg_duration_per_passenger\\n, (avg_trip_distance/avg_passenger_count) as avg_trip_distance_per_passenger\\n, year\\n, month \\n, type \\nFROM dbt_nyc_metrics.silver_nyctaxi_avg_metrics\\n  ", "schema": null, "results": null}', '{"type": "results", "rowcount": 0, "results": [], "description": []}']
[0m21:52:20.560357 [debug] [Thread-1  ]: Glue adapter: response: {'Statement': {'Id': 26, 'Code': 'SqlWrapper2.execute(\'\'\'/* {"app": "dbt", "dbt_version": "1.6.1", "profile_name": "dbt_taxi_demo", "target_name": "dev", "node_id": "model.dbt_taxi_demo.gold_nyctaxi_passengers_metrics"} */\n\n  \n    create table dbt_nyc_metrics.gold_nyctaxi_passengers_metrics\n  using PARQUET\n\t\n\t\n\t\n\tLOCATION \'s3://ikoch-lakeformation-db/nyctaxi-data-out//dbt_nyc_metrics/gold_nyctaxi_passengers_metrics/\'\n\t\n\tas\n\tSELECT (avg_total_amount/avg_passenger_count) as avg_cost_per_passenger\n, (avg_duration/avg_passenger_count) as avg_duration_per_passenger\n, (avg_trip_distance/avg_passenger_count) as avg_trip_distance_per_passenger\n, year\n, month \n, type \nFROM dbt_nyc_metrics.silver_nyctaxi_avg_metrics\n  \'\'\')', 'State': 'AVAILABLE', 'Output': {'Data': {'TextPlain': '{"type": "results", "sql": "/* {\\"app\\": \\"dbt\\", \\"dbt_version\\": \\"1.6.1\\", \\"profile_name\\": \\"dbt_taxi_demo\\", \\"target_name\\": \\"dev\\", \\"node_id\\": \\"model.dbt_taxi_demo.gold_nyctaxi_passengers_metrics\\"} */\\n\\n  \\n    create table dbt_nyc_metrics.gold_nyctaxi_passengers_metrics\\n  using PARQUET\\n\\t\\n\\t\\n\\t\\n\\tLOCATION \'s3://ikoch-lakeformation-db/nyctaxi-data-out//dbt_nyc_metrics/gold_nyctaxi_passengers_metrics/\'\\n\\t\\n\\tas\\n\\tSELECT (avg_total_amount/avg_passenger_count) as avg_cost_per_passenger\\n, (avg_duration/avg_passenger_count) as avg_duration_per_passenger\\n, (avg_trip_distance/avg_passenger_count) as avg_trip_distance_per_passenger\\n, year\\n, month \\n, type \\nFROM dbt_nyc_metrics.silver_nyctaxi_avg_metrics\\n  ", "schema": null, "results": null}\n{"type": "results", "rowcount": 0, "results": [], "description": []}'}, 'ExecutionCount': 26, 'Status': 'ok'}, 'Progress': 1.0, 'StartedOn': 1694742736894, 'CompletedOn': 1694742739794}, 'ResponseMetadata': {'RequestId': '33e6e774-a87b-47ff-b877-a1702230b610', 'HTTPStatusCode': 200, 'HTTPHeaders': {'date': 'Fri, 15 Sep 2023 01:52:20 GMT', 'content-type': 'application/x-amz-json-1.1', 'content-length': '1850', 'connection': 'keep-alive', 'x-amzn-requestid': '33e6e774-a87b-47ff-b877-a1702230b610'}, 'RetryAttempts': 0}}
[0m21:52:20.560990 [debug] [Thread-1  ]: Glue adapter: GlueCursor execute successfully
[0m21:52:20.561441 [debug] [Thread-1  ]: SQL status: OK in 6.0 seconds
[0m21:52:20.564509 [debug] [Thread-1  ]: Timing info for model.dbt_taxi_demo.gold_nyctaxi_passengers_metrics (execute): 21:52:10.537839 => 21:52:20.564268
[0m21:52:20.565040 [debug] [Thread-1  ]: On model.dbt_taxi_demo.gold_nyctaxi_passengers_metrics: ROLLBACK
[0m21:52:20.565508 [debug] [Thread-1  ]: Glue adapter: NotImplemented: rollback
[0m21:52:20.565945 [debug] [Thread-1  ]: On model.dbt_taxi_demo.gold_nyctaxi_passengers_metrics: Close
[0m21:52:20.566647 [debug] [Thread-1  ]: Glue adapter: NotImplemented: close
[0m21:52:20.568412 [debug] [Thread-1  ]: Sending event: {'category': 'dbt', 'action': 'run_model', 'label': '0ce439d4-5284-485f-acf6-6d8ed43c2c3f', 'context': [<snowplow_tracker.self_describing_json.SelfDescribingJson object at 0x7f80f26e1850>]}
[0m21:52:20.569222 [info ] [Thread-1  ]: 4 of 4 OK created sql table model dbt_nyc_metrics.gold_nyctaxi_passengers_metrics  [[32mOK[0m in 10.04s]
[0m21:52:20.570016 [debug] [Thread-1  ]: Finished running node model.dbt_taxi_demo.gold_nyctaxi_passengers_metrics
[0m21:52:20.572044 [debug] [MainThread]: On master: ROLLBACK
[0m21:52:20.572539 [debug] [MainThread]: Opening a new connection, currently in state init
[0m21:52:20.572954 [debug] [MainThread]: Glue adapter: opening a new glue connection for thread : (2562, 140704330588992)
[0m21:52:20.573343 [debug] [MainThread]: Glue adapter: GlueConnection connect called
[0m21:52:20.573740 [debug] [MainThread]: Glue adapter: No session present, starting one
[0m21:52:20.574125 [debug] [MainThread]: Glue adapter: GlueConnection _start_session called
[0m21:52:21.212232 [debug] [MainThread]: Glue adapter: NotImplemented: rollback
[0m21:52:21.212865 [debug] [MainThread]: Glue adapter: NotImplemented: add_begin_query
[0m21:52:21.213386 [debug] [MainThread]: Glue adapter: NotImplemented: commit
[0m21:52:21.213894 [debug] [MainThread]: On master: ROLLBACK
[0m21:52:21.214347 [debug] [MainThread]: Glue adapter: NotImplemented: rollback
[0m21:52:21.214859 [debug] [MainThread]: On master: Close
[0m21:52:21.215318 [debug] [MainThread]: Glue adapter: NotImplemented: close
[0m21:52:21.216214 [debug] [MainThread]: Glue adapter: cleanup called
[0m21:52:21.216634 [debug] [MainThread]: Glue adapter: GlueConnection close_session called
[0m21:52:21.366212 [debug] [MainThread]: Glue adapter: [elapsed 0.0s - calling stop_session for GlueInteractiveSessionRole-dbt-glue-b7447bb1-8c6b-4cf9-a3e5-f20789f43420 in READY state
[0m21:52:22.764728 [debug] [MainThread]: Glue adapter: [elapsed 1.4129819869995117s - calling stop_session for GlueInteractiveSessionRole-dbt-glue-b7447bb1-8c6b-4cf9-a3e5-f20789f43420 in STOPPING state
[0m21:52:23.984292 [debug] [MainThread]: Glue adapter: [elapsed 2.6204559803009033s - calling stop_session for GlueInteractiveSessionRole-dbt-glue-b7447bb1-8c6b-4cf9-a3e5-f20789f43420 in STOPPING state
[0m21:52:25.224625 [debug] [MainThread]: Glue adapter: [elapsed 3.855009078979492s - calling stop_session for GlueInteractiveSessionRole-dbt-glue-b7447bb1-8c6b-4cf9-a3e5-f20789f43420 in STOPPING state
[0m21:52:26.501345 [debug] [MainThread]: Glue adapter: [elapsed 5.091367959976196s - calling stop_session for GlueInteractiveSessionRole-dbt-glue-b7447bb1-8c6b-4cf9-a3e5-f20789f43420 in STOPPING state
[0m21:52:27.726160 [debug] [MainThread]: Glue adapter: [elapsed 6.364482879638672s - calling stop_session for GlueInteractiveSessionRole-dbt-glue-b7447bb1-8c6b-4cf9-a3e5-f20789f43420 in STOPPING state
[0m21:52:28.908289 [debug] [MainThread]: Glue adapter: [elapsed 7.5655128955841064s - calling stop_session for GlueInteractiveSessionRole-dbt-glue-b7447bb1-8c6b-4cf9-a3e5-f20789f43420 in STOPPING state
[0m21:52:30.130039 [debug] [MainThread]: Glue adapter: [elapsed 8.770089864730835s - calling stop_session for GlueInteractiveSessionRole-dbt-glue-b7447bb1-8c6b-4cf9-a3e5-f20789f43420 in STOPPING state
[0m21:52:31.369849 [debug] [MainThread]: Glue adapter: [elapsed 9.991522789001465s - calling stop_session for GlueInteractiveSessionRole-dbt-glue-b7447bb1-8c6b-4cf9-a3e5-f20789f43420 in STOPPING state
[0m21:52:32.580624 [debug] [MainThread]: Glue adapter: [elapsed 11.222344875335693s - calling stop_session for GlueInteractiveSessionRole-dbt-glue-b7447bb1-8c6b-4cf9-a3e5-f20789f43420 in STOPPING state
[0m21:52:33.776825 [debug] [MainThread]: Glue adapter: [elapsed 12.417556047439575s - calling stop_session for GlueInteractiveSessionRole-dbt-glue-b7447bb1-8c6b-4cf9-a3e5-f20789f43420 in STOPPING state
[0m21:52:34.972789 [debug] [MainThread]: Glue adapter: [elapsed 13.633719682693481s - calling stop_session for GlueInteractiveSessionRole-dbt-glue-b7447bb1-8c6b-4cf9-a3e5-f20789f43420 in STOPPING state
[0m21:52:36.184296 [debug] [MainThread]: Glue adapter: [elapsed 14.824980974197388s - calling stop_session for GlueInteractiveSessionRole-dbt-glue-b7447bb1-8c6b-4cf9-a3e5-f20789f43420 in STOPPING state
[0m21:52:37.362532 [debug] [MainThread]: Glue adapter: [elapsed 16.024885892868042s - calling stop_session for GlueInteractiveSessionRole-dbt-glue-b7447bb1-8c6b-4cf9-a3e5-f20789f43420 in STOPPING state
[0m21:52:38.568513 [debug] [MainThread]: Glue adapter: [elapsed 17.205180883407593s - calling stop_session for GlueInteractiveSessionRole-dbt-glue-b7447bb1-8c6b-4cf9-a3e5-f20789f43420 in STOPPING state
[0m21:52:39.773133 [debug] [MainThread]: Glue adapter: [elapsed 18.429401874542236s - calling stop_session for GlueInteractiveSessionRole-dbt-glue-b7447bb1-8c6b-4cf9-a3e5-f20789f43420 in STOPPING state
[0m21:52:41.181733 [debug] [MainThread]: Glue adapter: [elapsed 19.630584716796875s - calling stop_session for GlueInteractiveSessionRole-dbt-glue-b7447bb1-8c6b-4cf9-a3e5-f20789f43420 in STOPPING state
[0m21:52:42.384532 [debug] [MainThread]: Glue adapter: [elapsed 21.04825782775879s - calling stop_session for GlueInteractiveSessionRole-dbt-glue-b7447bb1-8c6b-4cf9-a3e5-f20789f43420 in STOPPING state
[0m21:52:43.583589 [debug] [MainThread]: Glue adapter: [elapsed 22.23860192298889s - calling stop_session for GlueInteractiveSessionRole-dbt-glue-b7447bb1-8c6b-4cf9-a3e5-f20789f43420 in STOPPING state
[0m21:52:44.810934 [debug] [MainThread]: Glue adapter: [elapsed 23.444557905197144s - calling stop_session for GlueInteractiveSessionRole-dbt-glue-b7447bb1-8c6b-4cf9-a3e5-f20789f43420 in STOPPING state
[0m21:52:46.421594 [debug] [MainThread]: Glue adapter: [elapsed 25.025634765625s - calling stop_session for GlueInteractiveSessionRole-dbt-glue-b7447bb1-8c6b-4cf9-a3e5-f20789f43420 in STOPPING state
[0m21:52:47.650439 [debug] [MainThread]: Glue adapter: [elapsed 26.293964862823486s - calling stop_session for GlueInteractiveSessionRole-dbt-glue-b7447bb1-8c6b-4cf9-a3e5-f20789f43420 in STOPPING state
[0m21:52:48.829990 [debug] [MainThread]: Glue adapter: [elapsed 27.488011837005615s - calling stop_session for GlueInteractiveSessionRole-dbt-glue-b7447bb1-8c6b-4cf9-a3e5-f20789f43420 in STOPPING state
[0m21:52:50.023069 [debug] [MainThread]: Glue adapter: [elapsed 28.67296576499939s - calling stop_session for GlueInteractiveSessionRole-dbt-glue-b7447bb1-8c6b-4cf9-a3e5-f20789f43420 in STOPPING state
[0m21:52:51.215475 [debug] [MainThread]: Glue adapter: [elapsed 29.881709814071655s - calling stop_session for GlueInteractiveSessionRole-dbt-glue-b7447bb1-8c6b-4cf9-a3e5-f20789f43420 in STOPPING state
[0m21:52:52.433048 [debug] [MainThread]: Glue adapter: [elapsed 31.075132846832275s - calling stop_session for GlueInteractiveSessionRole-dbt-glue-b7447bb1-8c6b-4cf9-a3e5-f20789f43420 in STOPPING state
[0m21:52:53.637069 [debug] [MainThread]: Glue adapter: [elapsed 32.289450883865356s - calling stop_session for GlueInteractiveSessionRole-dbt-glue-b7447bb1-8c6b-4cf9-a3e5-f20789f43420 in STOPPING state
[0m21:52:54.856463 [debug] [MainThread]: Glue adapter: [elapsed 33.49627089500427s - calling stop_session for GlueInteractiveSessionRole-dbt-glue-b7447bb1-8c6b-4cf9-a3e5-f20789f43420 in STOPPING state
[0m21:52:56.077626 [debug] [MainThread]: Glue adapter: [elapsed 34.71524977684021s - calling stop_session for GlueInteractiveSessionRole-dbt-glue-b7447bb1-8c6b-4cf9-a3e5-f20789f43420 in STOPPING state
[0m21:52:57.285669 [debug] [MainThread]: Glue adapter: [elapsed 35.94355273246765s - calling stop_session for GlueInteractiveSessionRole-dbt-glue-b7447bb1-8c6b-4cf9-a3e5-f20789f43420 in STOPPING state
[0m21:52:58.465470 [debug] [MainThread]: Glue adapter: [elapsed 37.13010787963867s - calling stop_session for GlueInteractiveSessionRole-dbt-glue-b7447bb1-8c6b-4cf9-a3e5-f20789f43420 in STOPPING state
[0m21:52:59.669275 [debug] [MainThread]: Glue adapter: [elapsed 38.30682969093323s - calling stop_session for GlueInteractiveSessionRole-dbt-glue-b7447bb1-8c6b-4cf9-a3e5-f20789f43420 in STOPPING state
[0m21:53:00.875748 [debug] [MainThread]: Glue adapter: [elapsed 39.52412796020508s - calling stop_session for GlueInteractiveSessionRole-dbt-glue-b7447bb1-8c6b-4cf9-a3e5-f20789f43420 in STOPPING state
[0m21:53:02.061233 [debug] [MainThread]: Glue adapter: [elapsed 40.721229791641235s - calling stop_session for GlueInteractiveSessionRole-dbt-glue-b7447bb1-8c6b-4cf9-a3e5-f20789f43420 in STOPPING state
[0m21:53:03.238240 [debug] [MainThread]: Glue adapter: [elapsed 41.90406394004822s - calling stop_session for GlueInteractiveSessionRole-dbt-glue-b7447bb1-8c6b-4cf9-a3e5-f20789f43420 in STOPPING state
[0m21:53:04.380272 [debug] [MainThread]: Glue adapter: GlueConnection close_session called
[0m21:53:04.520395 [debug] [MainThread]: Glue adapter: [elapsed 0.0s - calling stop_session for GlueInteractiveSessionRole-dbt-glue-998e397c-65db-42f4-b07a-6eb77fdbc7fa in READY state
[0m21:53:06.387255 [debug] [MainThread]: Glue adapter: [elapsed 1.871823787689209s - calling stop_session for GlueInteractiveSessionRole-dbt-glue-998e397c-65db-42f4-b07a-6eb77fdbc7fa in STOPPING state
[0m21:53:07.570315 [debug] [MainThread]: Glue adapter: [elapsed 3.0662050247192383s - calling stop_session for GlueInteractiveSessionRole-dbt-glue-998e397c-65db-42f4-b07a-6eb77fdbc7fa in STOPPING state
[0m21:53:08.765749 [debug] [MainThread]: Glue adapter: [elapsed 4.2591938972473145s - calling stop_session for GlueInteractiveSessionRole-dbt-glue-998e397c-65db-42f4-b07a-6eb77fdbc7fa in STOPPING state
[0m21:53:09.960800 [debug] [MainThread]: Glue adapter: [elapsed 5.457805156707764s - calling stop_session for GlueInteractiveSessionRole-dbt-glue-998e397c-65db-42f4-b07a-6eb77fdbc7fa in STOPPING state
[0m21:53:11.157354 [debug] [MainThread]: Glue adapter: [elapsed 6.647256851196289s - calling stop_session for GlueInteractiveSessionRole-dbt-glue-998e397c-65db-42f4-b07a-6eb77fdbc7fa in STOPPING state
[0m21:53:12.351837 [debug] [MainThread]: Glue adapter: [elapsed 7.837662935256958s - calling stop_session for GlueInteractiveSessionRole-dbt-glue-998e397c-65db-42f4-b07a-6eb77fdbc7fa in STOPPING state
[0m21:53:13.557693 [debug] [MainThread]: Glue adapter: [elapsed 9.044928073883057s - calling stop_session for GlueInteractiveSessionRole-dbt-glue-998e397c-65db-42f4-b07a-6eb77fdbc7fa in STOPPING state
[0m21:53:14.766254 [debug] [MainThread]: Glue adapter: [elapsed 10.239562034606934s - calling stop_session for GlueInteractiveSessionRole-dbt-glue-998e397c-65db-42f4-b07a-6eb77fdbc7fa in STOPPING state
[0m21:53:15.951696 [debug] [MainThread]: Glue adapter: [elapsed 11.45080304145813s - calling stop_session for GlueInteractiveSessionRole-dbt-glue-998e397c-65db-42f4-b07a-6eb77fdbc7fa in STOPPING state
[0m21:53:17.155240 [debug] [MainThread]: Glue adapter: [elapsed 12.651371955871582s - calling stop_session for GlueInteractiveSessionRole-dbt-glue-998e397c-65db-42f4-b07a-6eb77fdbc7fa in STOPPING state
[0m21:53:18.366612 [debug] [MainThread]: Glue adapter: [elapsed 13.84847116470337s - calling stop_session for GlueInteractiveSessionRole-dbt-glue-998e397c-65db-42f4-b07a-6eb77fdbc7fa in STOPPING state
[0m21:53:19.571546 [debug] [MainThread]: Glue adapter: [elapsed 15.058241128921509s - calling stop_session for GlueInteractiveSessionRole-dbt-glue-998e397c-65db-42f4-b07a-6eb77fdbc7fa in STOPPING state
[0m21:53:20.758095 [debug] [MainThread]: Glue adapter: [elapsed 16.2603919506073s - calling stop_session for GlueInteractiveSessionRole-dbt-glue-998e397c-65db-42f4-b07a-6eb77fdbc7fa in STOPPING state
[0m21:53:22.300413 [debug] [MainThread]: Glue adapter: [elapsed 17.455731868743896s - calling stop_session for GlueInteractiveSessionRole-dbt-glue-998e397c-65db-42f4-b07a-6eb77fdbc7fa in STOPPING state
[0m21:53:23.504874 [debug] [MainThread]: Glue adapter: [elapsed 18.991477012634277s - calling stop_session for GlueInteractiveSessionRole-dbt-glue-998e397c-65db-42f4-b07a-6eb77fdbc7fa in STOPPING state
[0m21:53:25.214922 [debug] [MainThread]: Glue adapter: [elapsed 20.183347940444946s - calling stop_session for GlueInteractiveSessionRole-dbt-glue-998e397c-65db-42f4-b07a-6eb77fdbc7fa in STOPPING state
[0m21:53:26.449895 [debug] [MainThread]: Glue adapter: [elapsed 21.894946098327637s - calling stop_session for GlueInteractiveSessionRole-dbt-glue-998e397c-65db-42f4-b07a-6eb77fdbc7fa in STOPPING state
[0m21:53:27.646676 [debug] [MainThread]: Glue adapter: [elapsed 23.129144191741943s - calling stop_session for GlueInteractiveSessionRole-dbt-glue-998e397c-65db-42f4-b07a-6eb77fdbc7fa in STOPPING state
[0m21:53:28.869374 [debug] [MainThread]: Glue adapter: [elapsed 24.35248112678528s - calling stop_session for GlueInteractiveSessionRole-dbt-glue-998e397c-65db-42f4-b07a-6eb77fdbc7fa in STOPPING state
[0m21:53:30.086954 [debug] [MainThread]: Glue adapter: [elapsed 25.56262993812561s - calling stop_session for GlueInteractiveSessionRole-dbt-glue-998e397c-65db-42f4-b07a-6eb77fdbc7fa in STOPPING state
[0m21:53:31.319778 [debug] [MainThread]: Glue adapter: [elapsed 26.783752918243408s - calling stop_session for GlueInteractiveSessionRole-dbt-glue-998e397c-65db-42f4-b07a-6eb77fdbc7fa in STOPPING state
[0m21:53:32.558180 [debug] [MainThread]: Glue adapter: [elapsed 28.043342113494873s - calling stop_session for GlueInteractiveSessionRole-dbt-glue-998e397c-65db-42f4-b07a-6eb77fdbc7fa in STOPPING state
[0m21:53:33.803037 [debug] [MainThread]: Glue adapter: [elapsed 29.24950408935547s - calling stop_session for GlueInteractiveSessionRole-dbt-glue-998e397c-65db-42f4-b07a-6eb77fdbc7fa in STOPPING state
[0m21:53:35.008036 [debug] [MainThread]: Glue adapter: [elapsed 30.48538589477539s - calling stop_session for GlueInteractiveSessionRole-dbt-glue-998e397c-65db-42f4-b07a-6eb77fdbc7fa in STOPPING state
[0m21:53:36.224915 [debug] [MainThread]: Glue adapter: [elapsed 31.708456993103027s - calling stop_session for GlueInteractiveSessionRole-dbt-glue-998e397c-65db-42f4-b07a-6eb77fdbc7fa in STOPPING state
[0m21:53:37.418695 [debug] [MainThread]: Glue adapter: [elapsed 32.912221908569336s - calling stop_session for GlueInteractiveSessionRole-dbt-glue-998e397c-65db-42f4-b07a-6eb77fdbc7fa in STOPPING state
[0m21:53:38.627780 [debug] [MainThread]: Glue adapter: [elapsed 34.11576294898987s - calling stop_session for GlueInteractiveSessionRole-dbt-glue-998e397c-65db-42f4-b07a-6eb77fdbc7fa in STOPPING state
[0m21:53:39.842135 [debug] [MainThread]: Glue adapter: [elapsed 35.32728981971741s - calling stop_session for GlueInteractiveSessionRole-dbt-glue-998e397c-65db-42f4-b07a-6eb77fdbc7fa in STOPPING state
[0m21:53:41.046035 [debug] [MainThread]: Glue adapter: [elapsed 36.52853298187256s - calling stop_session for GlueInteractiveSessionRole-dbt-glue-998e397c-65db-42f4-b07a-6eb77fdbc7fa in STOPPING state
[0m21:53:42.191395 [info ] [MainThread]: 
[0m21:53:42.192064 [info ] [MainThread]: Finished running 4 table models in 0 hours 2 minutes and 59.53 seconds (179.53s).
[0m21:53:42.193529 [debug] [MainThread]: Command end result
[0m21:53:42.208971 [info ] [MainThread]: 
[0m21:53:42.209629 [info ] [MainThread]: [32mCompleted successfully[0m
[0m21:53:42.210173 [info ] [MainThread]: 
[0m21:53:42.210843 [info ] [MainThread]: Done. PASS=4 WARN=0 ERROR=0 SKIP=0 TOTAL=4
[0m21:53:42.212463 [debug] [MainThread]: Command `dbt run` succeeded at 21:53:42.212200 after 181.38 seconds
[0m21:53:42.213200 [debug] [MainThread]: Glue adapter: cleanup called
[0m21:53:42.213769 [debug] [MainThread]: Glue adapter: GlueConnection close_session called
[0m21:53:42.266243 [debug] [MainThread]: Glue adapter: GlueConnection close_session called
[0m21:53:42.336655 [debug] [MainThread]: Sending event: {'category': 'dbt', 'action': 'invocation', 'label': 'end', 'context': [<snowplow_tracker.self_describing_json.SelfDescribingJson object at 0x7f80ed7827f0>, <snowplow_tracker.self_describing_json.SelfDescribingJson object at 0x7f80f1bc3fd0>, <snowplow_tracker.self_describing_json.SelfDescribingJson object at 0x7f80f1bc3ee0>]}
[0m21:53:42.337338 [debug] [MainThread]: Flushing usage events
